
2022-10-19 09:57:24,754: %UNICON-INFO: +++ r1 logfile /tmp/r1-cli-20221019T095724751.log +++

2022-10-19 09:57:24,755: %UNICON-INFO: +++ Unicon plugin iosxe (unicon.plugins.iosxe) +++
Trying 10.38.220.42...


2022-10-19 09:57:24,837: %UNICON-INFO: +++ connection to spawn: telnet 10.38.220.42 38905, id: 140660330574704 +++

2022-10-19 09:57:24,837: %UNICON-INFO: connection to r1
Connected to 10.38.220.42.
Escape character is '^]'.
]0;r1
r1#

2022-10-19 09:57:25,936: %UNICON-INFO: +++ initializing handle +++

2022-10-19 09:57:26,004: %UNICON-INFO: +++ r1 with via 'console': executing command 'term len 0' +++
term len 0
r1#

2022-10-19 09:57:26,295: %UNICON-INFO: +++ r1 with via 'console': executing command 'term wid 0' +++
term wid 0
r1#

2022-10-19 09:57:26,633: %UNICON-INFO: +++ r1 with via 'console': executing command 'show version' +++
show version
Cisco IOS XE Software, Version 17.03.04a
Cisco IOS Software [Amsterdam], Virtual XE Software (X86_64_LINUX_IOSD-UNIVERSALK9-M), Version 17.3.4a, RELEASE SOFTWARE (fc3)
Technical Support: http://www.cisco.com/techsupport
Copyright (c) 1986-2021 by Cisco Systems, Inc.
Compiled Tue 20-Jul-21 04:59 by mcpre


Cisco IOS-XE software, Copyright (c) 2005-2021 by cisco Systems, Inc.
All rights reserved.  Certain components of Cisco IOS-XE software are
licensed under the GNU General Public License ("GPL") Version 2.0.  The
software code licensed under GPL Version 2.0 is free software that comes
with ABSOLUTELY NO WARRANTY.  You can redistribute and/or modify such
GPL code under the terms of GPL Version 2.0.  For more details, see the
documentation or "License Notice" file accompanying the IOS-XE software,
or the applicable URL provided on the flyer accompanying the IOS-XE
software.


ROM: IOS-XE ROMMON

r1 uptime is 4 days, 15 hours, 36 minutes
Uptime for this control processor is 4 days, 15 hours, 38 minutes
System returned to ROM by reload
System image file is "bootflash:packages.conf"
Last reload reason: reload



This product contains cryptographic features and is subject to United
States and local country laws governing import, export, transfer and
use. Delivery of Cisco cryptographic products does not imply
third-party authority to import, export, distribute or use encryption.
Importers, exporters, distributors and users are responsible for
compliance with U.S. and local country laws. By using this product you
agree to comply with applicable laws and regulations. If you are unable
to comply with U.S. and local laws, return this product immediately.

A summary of U.S. laws governing Cisco cryptographic products may be found at:
http://www.cisco.com/wwl/export/crypto/tool/stqrg.html

If you require further assistance please contact us by sending email to
export@cisco.com.

License Level: ax
License Type: N/A(Smart License Enabled)
Next reload license Level: ax

The current throughput level is 1000 kbps 


Smart Licensing Status: UNREGISTERED/No Licenses in Use

cisco CSR1000V (VXE) processor (revision VXE) with 1105173K/3075K bytes of memory.
Processor board ID 934T7HPFN7R
Router operating mode: Autonomous
4 Gigabit Ethernet interfaces
32768K bytes of non-volatile configuration memory.
3012228K bytes of physical memory.
6188032K bytes of virtual hard disk at bootflash:.

Configuration register is 0x2102

r1#
('Cisco IOS XE Software, Version 17.03.04a\r\n'
 'Cisco IOS Software [Amsterdam], Virtual XE Software '
 '(X86_64_LINUX_IOSD-UNIVERSALK9-M), Version 17.3.4a, RELEASE SOFTWARE '
 '(fc3)\r\n'
 'Technical Support: http://www.cisco.com/techsupport\r\n'
 'Copyright (c) 1986-2021 by Cisco Systems, Inc.\r\n'
 'Compiled Tue 20-Jul-21 04:59 by mcpre\r\n'
 '\r\n'
 '\r\n'
 'Cisco IOS-XE software, Copyright (c) 2005-2021 by cisco Systems, Inc.\r\n'
 'All rights reserved.  Certain components of Cisco IOS-XE software are\r\n'
 'licensed under the GNU General Public License ("GPL") Version 2.0.  The\r\n'
 'software code licensed under GPL Version 2.0 is free software that comes\r\n'
 'with ABSOLUTELY NO WARRANTY.  You can redistribute and/or modify such\r\n'
 'GPL code under the terms of GPL Version 2.0.  For more details, see the\r\n'
 'documentation or "License Notice" file accompanying the IOS-XE software,\r\n'
 'or the applicable URL provided on the flyer accompanying the IOS-XE\r\n'
 'software.\r\n'
 '\r\n'
 '\r\n'
 'ROM: IOS-XE ROMMON\r\n'
 '\r\n'
 'r1 uptime is 4 days, 15 hours, 36 minutes\r\n'
 'Uptime for this control processor is 4 days, 15 hours, 38 minutes\r\n'
 'System returned to ROM by reload\r\n'
 'System image file is "bootflash:packages.conf"\r\n'
 'Last reload reason: reload\r\n'
 '\r\n'
 '\r\n'
 '\r\n'
 'This product contains cryptographic features and is subject to United\r\n'
 'States and local country laws governing import, export, transfer and\r\n'
 'use. Delivery of Cisco cryptographic products does not imply\r\n'
 'third-party authority to import, export, distribute or use encryption.\r\n'
 'Importers, exporters, distributors and users are responsible for\r\n'
 'compliance with U.S. and local country laws. By using this product you\r\n'
 'agree to comply with applicable laws and regulations. If you are unable\r\n'
 'to comply with U.S. and local laws, return this product immediately.\r\n'
 '\r\n'
 'A summary of U.S. laws governing Cisco cryptographic products may be found '
 'at:\r\n'
 'http://www.cisco.com/wwl/export/crypto/tool/stqrg.html\r\n'
 '\r\n'
 'If you require further assistance please contact us by sending email to\r\n'
 'export@cisco.com.\r\n'
 '\r\n'
 'License Level: ax\r\n'
 'License Type: N/A(Smart License Enabled)\r\n'
 'Next reload license Level: ax\r\n'
 '\r\n'
 'The current throughput level is 1000 kbps \r\n'
 '\r\n'
 '\r\n'
 'Smart Licensing Status: UNREGISTERED/No Licenses in Use\r\n'
 '\r\n'
 'cisco CSR1000V (VXE) processor (revision VXE) with 1105173K/3075K bytes of '
 'memory.\r\n'
 'Processor board ID 934T7HPFN7R\r\n'
 'Router operating mode: Autonomous\r\n'
 '4 Gigabit Ethernet interfaces\r\n'
 '32768K bytes of non-volatile configuration memory.\r\n'
 '3012228K bytes of physical memory.\r\n'
 '6188032K bytes of virtual hard disk at bootflash:.\r\n'
 '\r\n'
 'Configuration register is 0x2102')
