modified telnetlib is loaded.

2022-10-19 10:05:27,390: %UNICON-INFO: +++ r1 logfile /tmp/r1-cli-20221019T100527388.log +++

2022-10-19 10:05:27,391: %UNICON-INFO: +++ Unicon plugin iosxe (unicon.plugins.iosxe) +++
Trying 10.38.220.42...


2022-10-19 10:05:27,468: %UNICON-INFO: +++ connection to spawn: telnet 10.38.220.42 38905, id: 140659448633808 +++

2022-10-19 10:05:27,469: %UNICON-INFO: connection to r1
Connected to 10.38.220.42.
Escape character is '^]'.
]0;r1
r1#

2022-10-19 10:05:28,564: %UNICON-INFO: +++ initializing handle +++

2022-10-19 10:05:28,629: %UNICON-INFO: +++ r1 with via 'console': executing command 'term len 0' +++
term len 0
r1#

2022-10-19 10:05:28,933: %UNICON-INFO: +++ r1 with via 'console': executing command 'term wid 0' +++
term wid 0
r1#

2022-10-19 10:05:29,278: %UNICON-INFO: +++ r1 with via 'console': executing command 'show version' +++
show version
Cisco IOS XE Software, Version 17.03.04a
Cisco IOS Software [Amsterdam], Virtual XE Software (X86_64_LINUX_IOSD-UNIVERSALK9-M), Version 17.3.4a, RELEASE SOFTWARE (fc3)
Technical Support: http://www.cisco.com/techsupport
Copyright (c) 1986-2021 by Cisco Systems, Inc.
Compiled Tue 20-Jul-21 04:59 by mcpre


Cisco IOS-XE software, Copyright (c) 2005-2021 by cisco Systems, Inc.
All rights reserved.  Certain components of Cisco IOS-XE software are
licensed under the GNU General Public License ("GPL") Version 2.0.  The
software code licensed under GPL Version 2.0 is free software that comes
with ABSOLUTELY NO WARRANTY.  You can redistribute and/or modify such
GPL code under the terms of GPL Version 2.0.  For more details, see the
documentation or "License Notice" file accompanying the IOS-XE software,
or the applicable URL provided on the flyer accompanying the IOS-XE
software.


ROM: IOS-XE ROMMON

r1 uptime is 4 days, 15 hours, 44 minutes
Uptime for this control processor is 4 days, 15 hours, 46 minutes
System returned to ROM by reload
System image file is "bootflash:packages.conf"
Last reload reason: reload



This product contains cryptographic features and is subject to United
States and local country laws governing import, export, transfer and
use. Delivery of Cisco cryptographic products does not imply
third-party authority to import, export, distribute or use encryption.
Importers, exporters, distributors and users are responsible for
compliance with U.S. and local country laws. By using this product you
agree to comply with applicable laws and regulations. If you are unable
to comply with U.S. and local laws, return this product immediately.

A summary of U.S. laws governing Cisco cryptographic products may be found at:
http://www.cisco.com/wwl/export/crypto/tool/stqrg.html

If you require further assistance please contact us by sending email to
export@cisco.com.

License Level: ax
License Type: N/A(Smart License Enabled)
Next reload license Level: ax

The current throughput level is 1000 kbps 


Smart Licensing Status: UNREGISTERED/No Licenses in Use

cisco CSR1000V (VXE) processor (revision VXE) with 1105173K/3075K bytes of memory.
Processor board ID 934T7HPFN7R
Router operating mode: Autonomous
4 Gigabit Ethernet interfaces
32768K bytes of non-volatile configuration memory.
3012228K bytes of physical memory.
6188032K bytes of virtual hard disk at bootflash:.

Configuration register is 0x2102

r1#

2022-10-19 10:05:29,536: %UNICON-INFO: +++ r1 with via 'console': executing command 'show cdp neighbors' +++
show cdp neighbors
Capability Codes: R - Router, T - Trans Bridge, B - Source Route Bridge
                  S - Switch, H - Host, I - IGMP, r - Repeater, P - Phone, 
                  D - Remote, C - CVTA, M - Two-port Mac Relay 

Device ID        Local Intrfce     Holdtme    Capability  Platform  Port ID
r2               Gig 1             136              R I   CSR1000V  Gig 1
r3               Gig 2             177              R I   CSR1000V  Gig 2

Total cdp entries displayed : 2
r1#

2022-10-19 10:05:29,817: %UNICON-INFO: +++ r1 with via 'console': executing command 'show ip ospf neighbor' +++
show ip ospf neighbor

Neighbor ID     Pri   State           Dead Time   Address         Interface
192.168.255.3     0   FULL/  -        00:00:36    192.168.13.3    GigabitEthernet2
192.168.255.2     0   FULL/  -        00:00:35    192.168.12.2    GigabitEthernet1
r1#

2022-10-19 10:05:30,092: %UNICON-INFO: +++ r1 with via 'console': executing command 'show ip route' +++
show ip route
Codes: L - local, C - connected, S - static, R - RIP, M - mobile, B - BGP
       D - EIGRP, EX - EIGRP external, O - OSPF, IA - OSPF inter area 
       N1 - OSPF NSSA external type 1, N2 - OSPF NSSA external type 2
       E1 - OSPF external type 1, E2 - OSPF external type 2, m - OMP
       n - NAT, Ni - NAT inside, No - NAT outside, Nd - NAT DIA
       i - IS-IS, su - IS-IS summary, L1 - IS-IS level-1, L2 - IS-IS level-2
       ia - IS-IS inter area, * - candidate default, U - per-user static route
       H - NHRP, G - NHRP registered, g - NHRP registration summary
       o - ODR, P - periodic downloaded static route, l - LISP
       a - application route
       + - replicated route, % - next hop override, p - overrides from PfR
       & - replicated local route overrides by connected

Gateway of last resort is not set

      192.168.12.0/24 is variably subnetted, 2 subnets, 2 masks
C        192.168.12.0/24 is directly connected, GigabitEthernet1
L        192.168.12.1/32 is directly connected, GigabitEthernet1
      192.168.13.0/24 is variably subnetted, 2 subnets, 2 masks
C        192.168.13.0/24 is directly connected, GigabitEthernet2
L        192.168.13.1/32 is directly connected, GigabitEthernet2
O     192.168.24.0/24 [110/200] via 192.168.12.2, 1d14h, GigabitEthernet1
O     192.168.34.0/24 [110/200] via 192.168.13.3, 1d15h, GigabitEthernet2
      192.168.255.0/32 is subnetted, 4 subnets
C        192.168.255.1 is directly connected, Loopback0
O        192.168.255.2 [110/101] via 192.168.12.2, 1d14h, GigabitEthernet1
O        192.168.255.3 [110/101] via 192.168.13.3, 1d15h, GigabitEthernet2
O        192.168.255.4 [110/201] via 192.168.13.3, 1d14h, GigabitEthernet2
                       [110/201] via 192.168.12.2, 1d14h, GigabitEthernet1
r1#

2022-10-19 10:05:32,501: %UNICON-INFO: +++ r2 logfile /tmp/r2-cli-20221019T100532494.log +++

2022-10-19 10:05:32,508: %UNICON-INFO: +++ Unicon plugin iosxe (unicon.plugins.iosxe) +++
Trying 10.38.220.42...


2022-10-19 10:05:32,696: %UNICON-INFO: +++ connection to spawn: telnet 10.38.220.42 42503, id: 140659448362080 +++

2022-10-19 10:05:32,699: %UNICON-INFO: connection to r2
Connected to 10.38.220.42.
Escape character is '^]'.
]0;r2
r2>

2022-10-19 10:05:33,859: %UNICON-INFO: +++ initializing handle +++
enable
r2#

2022-10-19 10:05:34,039: %UNICON-INFO: +++ r2 with via 'console': executing command 'term len 0' +++
term len 0
r2#

2022-10-19 10:05:34,352: %UNICON-INFO: +++ r2 with via 'console': executing command 'term wid 0' +++
term wid 0
r2#

2022-10-19 10:05:34,705: %UNICON-INFO: +++ r2 with via 'console': executing command 'show version' +++
show version
Cisco IOS XE Software, Version 17.03.04a
Cisco IOS Software [Amsterdam], Virtual XE Software (X86_64_LINUX_IOSD-UNIVERSALK9-M), Version 17.3.4a, RELEASE SOFTWARE (fc3)
Technical Support: http://www.cisco.com/techsupport
Copyright (c) 1986-2021 by Cisco Systems, Inc.
Compiled Tue 20-Jul-21 04:59 by mcpre


Cisco IOS-XE software, Copyright (c) 2005-2021 by cisco Systems, Inc.
All rights reserved.  Certain components of Cisco IOS-XE software are
licensed under the GNU General Public License ("GPL") Version 2.0.  The
software code licensed under GPL Version 2.0 is free software that comes
with ABSOLUTELY NO WARRANTY.  You can redistribute and/or modify such
GPL code under the terms of GPL Version 2.0.  For more details, see the
documentation or "License Notice" file accompanying the IOS-XE software,
or the applicable URL provided on the flyer accompanying the IOS-XE
software.


ROM: IOS-XE ROMMON

r2 uptime is 4 days, 15 hours, 44 minutes
Uptime for this control processor is 4 days, 15 hours, 46 minutes
System returned to ROM by reload
System image file is "bootflash:packages.conf"
Last reload reason: reload



This product contains cryptographic features and is subject to United
States and local country laws governing import, export, transfer and
use. Delivery of Cisco cryptographic products does not imply
third-party authority to import, export, distribute or use encryption.
Importers, exporters, distributors and users are responsible for
compliance with U.S. and local country laws. By using this product you
agree to comply with applicable laws and regulations. If you are unable
to comply with U.S. and local laws, return this product immediately.

A summary of U.S. laws governing Cisco cryptographic products may be found at:
http://www.cisco.com/wwl/export/crypto/tool/stqrg.html

If you require further assistance please contact us by sending email to
export@cisco.com.

License Level: ax
License Type: N/A(Smart License Enabled)
Next reload license Level: ax

The current throughput level is 1000 kbps 


Smart Licensing Status: UNREGISTERED/No Licenses in Use

cisco CSR1000V (VXE) processor (revision VXE) with 1105173K/3075K bytes of memory.
Processor board ID 98ANDXHHLUD
Router operating mode: Autonomous
4 Gigabit Ethernet interfaces
32768K bytes of non-volatile configuration memory.
3012228K bytes of physical memory.
6188032K bytes of virtual hard disk at bootflash:.

Configuration register is 0x2102

r2#

2022-10-19 10:05:34,993: %UNICON-INFO: +++ r2 with via 'console': executing command 'show cdp neighbors' +++
show cdp neighbors
Capability Codes: R - Router, T - Trans Bridge, B - Source Route Bridge
                  S - Switch, H - Host, I - IGMP, r - Repeater, P - Phone, 
                  D - Remote, C - CVTA, M - Two-port Mac Relay 

Device ID        Local Intrfce     Holdtme    Capability  Platform  Port ID
r1               Gig 1             165              R I   CSR1000V  Gig 1
r4               Gig 2             142              R I   CSR1000V  Gig 2

Total cdp entries displayed : 2
r2#

2022-10-19 10:05:35,278: %UNICON-INFO: +++ r2 with via 'console': executing command 'show ip ospf neighbor' +++
show ip ospf neighbor

Neighbor ID     Pri   State           Dead Time   Address         Interface
192.168.255.4     0   FULL/  -        00:00:31    192.168.24.4    GigabitEthernet2
192.168.255.1     0   FULL/  -        00:00:37    192.168.12.1    GigabitEthernet1
r2#

2022-10-19 10:05:35,558: %UNICON-INFO: +++ r2 with via 'console': executing command 'show ip route' +++
show ip route
Codes: L - local, C - connected, S - static, R - RIP, M - mobile, B - BGP
       D - EIGRP, EX - EIGRP external, O - OSPF, IA - OSPF inter area 
       N1 - OSPF NSSA external type 1, N2 - OSPF NSSA external type 2
       E1 - OSPF external type 1, E2 - OSPF external type 2, m - OMP
       n - NAT, Ni - NAT inside, No - NAT outside, Nd - NAT DIA
       i - IS-IS, su - IS-IS summary, L1 - IS-IS level-1, L2 - IS-IS level-2
       ia - IS-IS inter area, * - candidate default, U - per-user static route
       H - NHRP, G - NHRP registered, g - NHRP registration summary
       o - ODR, P - periodic downloaded static route, l - LISP
       a - application route
       + - replicated route, % - next hop override, p - overrides from PfR
       & - replicated local route overrides by connected

Gateway of last resort is not set

      192.168.12.0/24 is variably subnetted, 2 subnets, 2 masks
C        192.168.12.0/24 is directly connected, GigabitEthernet1
L        192.168.12.2/32 is directly connected, GigabitEthernet1
O     192.168.13.0/24 [110/200] via 192.168.12.1, 1d15h, GigabitEthernet1
      192.168.24.0/24 is variably subnetted, 2 subnets, 2 masks
C        192.168.24.0/24 is directly connected, GigabitEthernet2
L        192.168.24.2/32 is directly connected, GigabitEthernet2
O     192.168.34.0/24 [110/200] via 192.168.24.4, 3d19h, GigabitEthernet2
      192.168.255.0/32 is subnetted, 4 subnets
O        192.168.255.1 [110/101] via 192.168.12.1, 2d00h, GigabitEthernet1
C        192.168.255.2 is directly connected, Loopback0
O        192.168.255.3 [110/201] via 192.168.24.4, 1d15h, GigabitEthernet2
                       [110/201] via 192.168.12.1, 1d15h, GigabitEthernet1
O        192.168.255.4 [110/101] via 192.168.24.4, 3d19h, GigabitEthernet2
r2#

2022-10-19 10:05:37,857: %UNICON-INFO: +++ r3 logfile /tmp/r3-cli-20221019T100537854.log +++

2022-10-19 10:05:37,858: %UNICON-INFO: +++ Unicon plugin iosxe (unicon.plugins.iosxe) +++
Trying 10.38.220.42...


2022-10-19 10:05:37,926: %UNICON-INFO: +++ connection to spawn: telnet 10.38.220.42 48927, id: 140659448061520 +++

2022-10-19 10:05:37,926: %UNICON-INFO: connection to r3
Connected to 10.38.220.42.
Escape character is '^]'.
]0;r3
r3>

2022-10-19 10:05:39,011: %UNICON-INFO: +++ initializing handle +++
enable
r3#

2022-10-19 10:05:39,181: %UNICON-INFO: +++ r3 with via 'console': executing command 'term len 0' +++
term len 0
r3#

2022-10-19 10:05:39,484: %UNICON-INFO: +++ r3 with via 'console': executing command 'term wid 0' +++
term wid 0
r3#

2022-10-19 10:05:39,836: %UNICON-INFO: +++ r3 with via 'console': executing command 'show version' +++
show version
Cisco IOS XE Software, Version 17.03.04a
Cisco IOS Software [Amsterdam], Virtual XE Software (X86_64_LINUX_IOSD-UNIVERSALK9-M), Version 17.3.4a, RELEASE SOFTWARE (fc3)
Technical Support: http://www.cisco.com/techsupport
Copyright (c) 1986-2021 by Cisco Systems, Inc.
Compiled Tue 20-Jul-21 04:59 by mcpre


Cisco IOS-XE software, Copyright (c) 2005-2021 by cisco Systems, Inc.
All rights reserved.  Certain components of Cisco IOS-XE software are
licensed under the GNU General Public License ("GPL") Version 2.0.  The
software code licensed under GPL Version 2.0 is free software that comes
with ABSOLUTELY NO WARRANTY.  You can redistribute and/or modify such
GPL code under the terms of GPL Version 2.0.  For more details, see the
documentation or "License Notice" file accompanying the IOS-XE software,
or the applicable URL provided on the flyer accompanying the IOS-XE
software.


ROM: IOS-XE ROMMON

r3 uptime is 3 days, 19 hours, 44 minutes
Uptime for this control processor is 3 days, 19 hours, 46 minutes
System returned to ROM by reload
System image file is "bootflash:packages.conf"
Last reload reason: Unknown reason



This product contains cryptographic features and is subject to United
States and local country laws governing import, export, transfer and
use. Delivery of Cisco cryptographic products does not imply
third-party authority to import, export, distribute or use encryption.
Importers, exporters, distributors and users are responsible for
compliance with U.S. and local country laws. By using this product you
agree to comply with applicable laws and regulations. If you are unable
to comply with U.S. and local laws, return this product immediately.

A summary of U.S. laws governing Cisco cryptographic products may be found at:
http://www.cisco.com/wwl/export/crypto/tool/stqrg.html

If you require further assistance please contact us by sending email to
export@cisco.com.

License Level: ax
License Type: N/A(Smart License Enabled)
Next reload license Level: ax

The current throughput level is 1000 kbps 


Smart Licensing Status: UNREGISTERED/No Licenses in Use

cisco CSR1000V (VXE) processor (revision VXE) with 1105173K/3075K bytes of memory.
Processor board ID 96INT3JY9UJ
Router operating mode: Autonomous
4 Gigabit Ethernet interfaces
32768K bytes of non-volatile configuration memory.
3012228K bytes of physical memory.
6188032K bytes of virtual hard disk at bootflash:.

Configuration register is 0x2102

r3#

2022-10-19 10:05:40,094: %UNICON-INFO: +++ r3 with via 'console': executing command 'show cdp neighbors' +++
show cdp neighbors
Capability Codes: R - Router, T - Trans Bridge, B - Source Route Bridge
                  S - Switch, H - Host, I - IGMP, r - Repeater, P - Phone, 
                  D - Remote, C - CVTA, M - Two-port Mac Relay 

Device ID        Local Intrfce     Holdtme    Capability  Platform  Port ID
r1               Gig 2             161              R I   CSR1000V  Gig 2
r4               Gig 1             161              R I   CSR1000V  Gig 1

Total cdp entries displayed : 2
r3#

2022-10-19 10:05:40,384: %UNICON-INFO: +++ r3 with via 'console': executing command 'show ip ospf neighbor' +++
show ip ospf neighbor

Neighbor ID     Pri   State           Dead Time   Address         Interface
192.168.255.4     0   FULL/  -        00:00:33    192.168.34.4    GigabitEthernet1
192.168.255.1     0   FULL/  -        00:00:34    192.168.13.1    GigabitEthernet2
r3#

2022-10-19 10:05:40,663: %UNICON-INFO: +++ r3 with via 'console': executing command 'show ip route' +++
show ip route
Codes: L - local, C - connected, S - static, R - RIP, M - mobile, B - BGP
       D - EIGRP, EX - EIGRP external, O - OSPF, IA - OSPF inter area 
       N1 - OSPF NSSA external type 1, N2 - OSPF NSSA external type 2
       E1 - OSPF external type 1, E2 - OSPF external type 2, m - OMP
       n - NAT, Ni - NAT inside, No - NAT outside, Nd - NAT DIA
       i - IS-IS, su - IS-IS summary, L1 - IS-IS level-1, L2 - IS-IS level-2
       ia - IS-IS inter area, * - candidate default, U - per-user static route
       H - NHRP, G - NHRP registered, g - NHRP registration summary
       o - ODR, P - periodic downloaded static route, l - LISP
       a - application route
       + - replicated route, % - next hop override, p - overrides from PfR
       & - replicated local route overrides by connected

Gateway of last resort is not set

O     192.168.12.0/24 [110/200] via 192.168.13.1, 1d14h, GigabitEthernet2
      192.168.13.0/24 is variably subnetted, 2 subnets, 2 masks
C        192.168.13.0/24 is directly connected, GigabitEthernet2
L        192.168.13.3/32 is directly connected, GigabitEthernet2
O     192.168.24.0/24 [110/200] via 192.168.34.4, 3d19h, GigabitEthernet1
      192.168.34.0/24 is variably subnetted, 2 subnets, 2 masks
C        192.168.34.0/24 is directly connected, GigabitEthernet1
L        192.168.34.3/32 is directly connected, GigabitEthernet1
      192.168.255.0/32 is subnetted, 4 subnets
O        192.168.255.1 [110/101] via 192.168.13.1, 2d00h, GigabitEthernet2
O        192.168.255.2 [110/201] via 192.168.34.4, 1d14h, GigabitEthernet1
                       [110/201] via 192.168.13.1, 1d14h, GigabitEthernet2
C        192.168.255.3 is directly connected, Loopback0
O        192.168.255.4 [110/101] via 192.168.34.4, 3d19h, GigabitEthernet1
r3#

2022-10-19 10:05:42,979: %UNICON-INFO: +++ r4 logfile /tmp/r4-cli-20221019T100542976.log +++

2022-10-19 10:05:42,980: %UNICON-INFO: +++ Unicon plugin iosxe (unicon.plugins.iosxe) +++
Trying 10.38.220.42...


2022-10-19 10:05:43,062: %UNICON-INFO: +++ connection to spawn: telnet 10.38.220.42 41539, id: 140659448364672 +++

2022-10-19 10:05:43,063: %UNICON-INFO: connection to r4
Connected to 10.38.220.42.
Escape character is '^]'.
]0;r4
r4>
r4>

2022-10-19 10:05:45,162: %UNICON-INFO: +++ initializing handle +++
enable
r4#

2022-10-19 10:05:45,338: %UNICON-INFO: +++ r4 with via 'console': executing command 'term len 0' +++
term len 0
r4#

2022-10-19 10:05:45,615: %UNICON-INFO: +++ r4 with via 'console': executing command 'term wid 0' +++
term wid 0
r4#

2022-10-19 10:05:45,956: %UNICON-INFO: +++ r4 with via 'console': executing command 'show version' +++
show version
Cisco IOS XE Software, Version 17.03.04a
Cisco IOS Software [Amsterdam], Virtual XE Software (X86_64_LINUX_IOSD-UNIVERSALK9-M), Version 17.3.4a, RELEASE SOFTWARE (fc3)
Technical Support: http://www.cisco.com/techsupport
Copyright (c) 1986-2021 by Cisco Systems, Inc.
Compiled Tue 20-Jul-21 04:59 by mcpre


Cisco IOS-XE software, Copyright (c) 2005-2021 by cisco Systems, Inc.
All rights reserved.  Certain components of Cisco IOS-XE software are
licensed under the GNU General Public License ("GPL") Version 2.0.  The
software code licensed under GPL Version 2.0 is free software that comes
with ABSOLUTELY NO WARRANTY.  You can redistribute and/or modify such
GPL code under the terms of GPL Version 2.0.  For more details, see the
documentation or "License Notice" file accompanying the IOS-XE software,
or the applicable URL provided on the flyer accompanying the IOS-XE
software.


ROM: IOS-XE ROMMON

r4 uptime is 3 days, 19 hours, 44 minutes
Uptime for this control processor is 3 days, 19 hours, 46 minutes
System returned to ROM by reload
System image file is "bootflash:packages.conf"
Last reload reason: Unknown reason



This product contains cryptographic features and is subject to United
States and local country laws governing import, export, transfer and
use. Delivery of Cisco cryptographic products does not imply
third-party authority to import, export, distribute or use encryption.
Importers, exporters, distributors and users are responsible for
compliance with U.S. and local country laws. By using this product you
agree to comply with applicable laws and regulations. If you are unable
to comply with U.S. and local laws, return this product immediately.

A summary of U.S. laws governing Cisco cryptographic products may be found at:
http://www.cisco.com/wwl/export/crypto/tool/stqrg.html

If you require further assistance please contact us by sending email to
export@cisco.com.

License Level: ax
License Type: N/A(Smart License Enabled)
Next reload license Level: ax

The current throughput level is 1000 kbps 


Smart Licensing Status: UNREGISTERED/No Licenses in Use

cisco CSR1000V (VXE) processor (revision VXE) with 1105173K/3075K bytes of memory.
Processor board ID 9ZR99QCFUPI
Router operating mode: Autonomous
4 Gigabit Ethernet interfaces
32768K bytes of non-volatile configuration memory.
3012228K bytes of physical memory.
6188032K bytes of virtual hard disk at bootflash:.

Configuration register is 0x2102

r4#

2022-10-19 10:05:46,233: %UNICON-INFO: +++ r4 with via 'console': executing command 'show cdp neighbors' +++
show cdp neighbors
Capability Codes: R - Router, T - Trans Bridge, B - Source Route Bridge
                  S - Switch, H - Host, I - IGMP, r - Repeater, P - Phone, 
                  D - Remote, C - CVTA, M - Two-port Mac Relay 

Device ID        Local Intrfce     Holdtme    Capability  Platform  Port ID
r2               Gig 2             144              R I   CSR1000V  Gig 2
r3               Gig 1             171              R I   CSR1000V  Gig 1

Total cdp entries displayed : 2
r4#

2022-10-19 10:05:46,515: %UNICON-INFO: +++ r4 with via 'console': executing command 'show ip ospf neighbor' +++
show ip ospf neighbor

Neighbor ID     Pri   State           Dead Time   Address         Interface
192.168.255.3     0   FULL/  -        00:00:36    192.168.34.3    GigabitEthernet1
192.168.255.2     0   FULL/  -        00:00:34    192.168.24.2    GigabitEthernet2
r4#

2022-10-19 10:05:46,792: %UNICON-INFO: +++ r4 with via 'console': executing command 'show ip route' +++
show ip route
Codes: L - local, C - connected, S - static, R - RIP, M - mobile, B - BGP
       D - EIGRP, EX - EIGRP external, O - OSPF, IA - OSPF inter area 
       N1 - OSPF NSSA external type 1, N2 - OSPF NSSA external type 2
       E1 - OSPF external type 1, E2 - OSPF external type 2, m - OMP
       n - NAT, Ni - NAT inside, No - NAT outside, Nd - NAT DIA
       i - IS-IS, su - IS-IS summary, L1 - IS-IS level-1, L2 - IS-IS level-2
       ia - IS-IS inter area, * - candidate default, U - per-user static route
       H - NHRP, G - NHRP registered, g - NHRP registration summary
       o - ODR, P - periodic downloaded static route, l - LISP
       a - application route
       + - replicated route, % - next hop override, p - overrides from PfR
       & - replicated local route overrides by connected

Gateway of last resort is not set

O     192.168.12.0/24 [110/200] via 192.168.24.2, 3d19h, GigabitEthernet2
O     192.168.13.0/24 [110/200] via 192.168.34.3, 3d19h, GigabitEthernet1
      192.168.24.0/24 is variably subnetted, 2 subnets, 2 masks
C        192.168.24.0/24 is directly connected, GigabitEthernet2
L        192.168.24.4/32 is directly connected, GigabitEthernet2
      192.168.34.0/24 is variably subnetted, 2 subnets, 2 masks
C        192.168.34.0/24 is directly connected, GigabitEthernet1
L        192.168.34.4/32 is directly connected, GigabitEthernet1
      192.168.255.0/32 is subnetted, 4 subnets
O        192.168.255.1 [110/201] via 192.168.34.3, 2d00h, GigabitEthernet1
                       [110/201] via 192.168.24.2, 2d00h, GigabitEthernet2
O        192.168.255.2 [110/101] via 192.168.24.2, 3d19h, GigabitEthernet2
O        192.168.255.3 [110/101] via 192.168.34.3, 3d19h, GigabitEthernet1
C        192.168.255.4 is directly connected, Loopback0
r4#
