
2022-10-19 10:06:54,837: %UNICON-INFO: +++ r1 logfile /tmp/r1-cli-20221019T100654835.log +++

2022-10-19 10:06:54,838: %UNICON-INFO: +++ Unicon plugin iosxe (unicon.plugins.iosxe) +++
Trying 10.38.220.42...


2022-10-19 10:06:54,913: %UNICON-INFO: +++ connection to spawn: telnet 10.38.220.42 38905, id: 140366388245408 +++

2022-10-19 10:06:54,913: %UNICON-INFO: connection to r1
Connected to 10.38.220.42.
Escape character is '^]'.
]0;r1
r1#

2022-10-19 10:06:56,019: %UNICON-INFO: +++ initializing handle +++

2022-10-19 10:06:56,089: %UNICON-INFO: +++ r1 with via 'console': executing command 'term len 0' +++
term len 0
r1#

2022-10-19 10:06:56,375: %UNICON-INFO: +++ r1 with via 'console': executing command 'term wid 0' +++
term wid 0
r1#

2022-10-19 10:07:04,465: %UNICON-INFO: +++ r1 with via 'console': executing command 'show version' +++
show version
Cisco IOS XE Software, Version 17.03.04a
Cisco IOS Software [Amsterdam], Virtual XE Software (X86_64_LINUX_IOSD-UNIVERSALK9-M), Version 17.3.4a, RELEASE SOFTWARE (fc3)
Technical Support: http://www.cisco.com/techsupport
Copyright (c) 1986-2021 by Cisco Systems, Inc.
Compiled Tue 20-Jul-21 04:59 by mcpre


Cisco IOS-XE software, Copyright (c) 2005-2021 by cisco Systems, Inc.
All rights reserved.  Certain components of Cisco IOS-XE software are
licensed under the GNU General Public License ("GPL") Version 2.0.  The
software code licensed under GPL Version 2.0 is free software that comes
with ABSOLUTELY NO WARRANTY.  You can redistribute and/or modify such
GPL code under the terms of GPL Version 2.0.  For more details, see the
documentation or "License Notice" file accompanying the IOS-XE software,
or the applicable URL provided on the flyer accompanying the IOS-XE
software.


ROM: IOS-XE ROMMON

r1 uptime is 4 days, 15 hours, 45 minutes
Uptime for this control processor is 4 days, 15 hours, 47 minutes
System returned to ROM by reload
System image file is "bootflash:packages.conf"
Last reload reason: reload



This product contains cryptographic features and is subject to United
States and local country laws governing import, export, transfer and
use. Delivery of Cisco cryptographic products does not imply
third-party authority to import, export, distribute or use encryption.
Importers, exporters, distributors and users are responsible for
compliance with U.S. and local country laws. By using this product you
agree to comply with applicable laws and regulations. If you are unable
to comply with U.S. and local laws, return this product immediately.

A summary of U.S. laws governing Cisco cryptographic products may be found at:
http://www.cisco.com/wwl/export/crypto/tool/stqrg.html

If you require further assistance please contact us by sending email to
export@cisco.com.

License Level: ax
License Type: N/A(Smart License Enabled)
Next reload license Level: ax

The current throughput level is 1000 kbps 


Smart Licensing Status: UNREGISTERED/No Licenses in Use

cisco CSR1000V (VXE) processor (revision VXE) with 1105173K/3075K bytes of memory.
Processor board ID 934T7HPFN7R
Router operating mode: Autonomous
4 Gigabit Ethernet interfaces
32768K bytes of non-volatile configuration memory.
3012228K bytes of physical memory.
6188032K bytes of virtual hard disk at bootflash:.

Configuration register is 0x2102

r1#
{'version': {'chassis': 'CSR1000V',
             'chassis_sn': '934T7HPFN7R',
             'compiled_by': 'mcpre',
             'compiled_date': 'Tue 20-Jul-21 04:59',
             'copyright_years': '1986-2021',
             'curr_config_register': '0x2102',
             'disks': {'bootflash:.': {'disk_size': '6188032',
                                       'type_of_disk': 'virtual hard disk'}},
             'hostname': 'r1',
             'image_id': 'X86_64_LINUX_IOSD-UNIVERSALK9-M',
             'image_type': 'production image',
             'label': 'RELEASE SOFTWARE (fc3)',
             'last_reload_reason': 'reload',
             'license_level': 'ax',
             'license_type': 'N/A(Smart License Enabled)',
             'location': 'Amsterdam',
             'main_mem': '1105173',
             'mem_size': {'non-volatile configuration': '32768',
                          'physical': '3012228'},
             'next_reload_license_level': 'ax',
             'number_of_intfs': {'Gigabit Ethernet': '4'},
             'os': 'IOS-XE',
             'platform': 'Virtual XE',
             'processor_type': 'VXE',
             'returned_to_rom_by': 'reload',
             'rom': 'IOS-XE ROMMON',
             'router_operating_mode': 'Autonomous',
             'rtr_type': 'CSR1000V',
             'system_image': 'bootflash:packages.conf',
             'uptime': '4 days, 15 hours, 45 minutes',
             'uptime_this_cp': '4 days, 15 hours, 47 minutes',
             'version': '17.3.4a',
             'version_short': '17.3',
             'xe_version': '17.03.04a'}}
