modified telnetlib is loaded.

2022-10-21 18:36:35,139: %UNICON-INFO: +++ r1 logfile /tmp/r1-cli-20221021T183635135.log +++

2022-10-21 18:36:35,140: %UNICON-INFO: +++ Unicon plugin iosxe (unicon.plugins.iosxe) +++
Trying 10.38.220.42...


2022-10-21 18:36:35,224: %UNICON-INFO: +++ connection to spawn: telnet 10.38.220.42 38905, id: 140454914867840 +++

2022-10-21 18:36:35,227: %UNICON-INFO: connection to r1
Connected to 10.38.220.42.
Escape character is '^]'.
]0;r1
r1#

2022-10-21 18:36:36,332: %UNICON-INFO: +++ initializing handle +++

2022-10-21 18:36:36,397: %UNICON-INFO: +++ r1 with via 'console': executing command 'term len 0' +++
term len 0
r1#

2022-10-21 18:36:36,724: %UNICON-INFO: +++ r1 with via 'console': executing command 'term wid 0' +++
term wid 0
r1#

2022-10-21 18:36:40,414: %UNICON-INFO: +++ r1 with via 'console': executing command 'show interfaces' +++
show interfaces
GigabitEthernet1 is up, line protocol is up 
  Hardware is CSR vNIC, address is 5002.0001.0000 (bia 5002.0001.0000)
  Description: to r2
  Internet address is 192.168.12.1/24
  MTU 9000 bytes, BW 1000000 Kbit/sec, DLY 10 usec, 
     reliability 255/255, txload 1/255, rxload 1/255
  Encapsulation ARPA, loopback not set
  Keepalive set (10 sec)
  Full Duplex, 1000Mbps, link type is auto, media type is Virtual
  output flow-control is unsupported, input flow-control is unsupported
  ARP type: ARPA, ARP Timeout 04:00:00
  Last input 00:00:03, output 00:00:00, output hang never
  Last clearing of "show interface" counters never
  Input queue: 0/375/0/0 (size/max/drops/flushes); Total output drops: 0
  Queueing strategy: fifo
  Output queue: 0/40 (size/max)
  5 minute input rate 0 bits/sec, 0 packets/sec
  5 minute output rate 0 bits/sec, 0 packets/sec
     95432 packets input, 15163078 bytes, 0 no buffer
     Received 0 broadcasts (0 IP multicasts)
     0 runts, 0 giants, 0 throttles 
     0 input errors, 0 CRC, 0 frame, 0 overrun, 0 ignored
     0 watchdog, 0 multicast, 0 pause input
     94415 packets output, 14729018 bytes, 0 underruns
     Output 0 broadcasts (0 IP multicasts)
     0 output errors, 0 collisions, 4 interface resets
     17 unknown protocol drops
     0 babbles, 0 late collision, 0 deferred
     0 lost carrier, 0 no carrier, 0 pause output
     0 output buffer failures, 0 output buffers swapped out
GigabitEthernet2 is up, line protocol is up 
  Hardware is CSR vNIC, address is 5002.0001.0001 (bia 5002.0001.0001)
  Description: to r3
  Internet address is 192.168.13.1/24
  MTU 9000 bytes, BW 1000000 Kbit/sec, DLY 10 usec, 
     reliability 255/255, txload 1/255, rxload 1/255
  Encapsulation ARPA, loopback not set
  Keepalive set (10 sec)
  Full Duplex, 1000Mbps, link type is auto, media type is Virtual
  output flow-control is unsupported, input flow-control is unsupported
  ARP type: ARPA, ARP Timeout 04:00:00
  Last input 00:00:04, output 00:00:02, output hang never
  Last clearing of "show interface" counters never
  Input queue: 0/375/0/0 (size/max/drops/flushes); Total output drops: 0
  Queueing strategy: fifo
  Output queue: 0/40 (size/max)
  5 minute input rate 0 bits/sec, 0 packets/sec
  5 minute output rate 0 bits/sec, 0 packets/sec
     76918 packets input, 11781924 bytes, 0 no buffer
     Received 0 broadcasts (0 IP multicasts)
     0 runts, 0 giants, 0 throttles 
     0 input errors, 0 CRC, 0 frame, 0 overrun, 0 ignored
     0 watchdog, 0 multicast, 0 pause input
     75914 packets output, 11631714 bytes, 0 underruns
     Output 0 broadcasts (0 IP multicasts)
     0 output errors, 0 collisions, 5 interface resets
     17 unknown protocol drops
     0 babbles, 0 late collision, 0 deferred
     0 lost carrier, 0 no carrier, 0 pause output
     0 output buffer failures, 0 output buffers swapped out
GigabitEthernet3 is administratively down, line protocol is down 
  Hardware is CSR vNIC, address is 5002.0001.0002 (bia 5002.0001.0002)
  Description: configured by Genie Conf Object
  MTU 1500 bytes, BW 1000000 Kbit/sec, DLY 10 usec, 
     reliability 255/255, txload 1/255, rxload 1/255
  Encapsulation ARPA, loopback not set
  Keepalive set (10 sec)
  Full Duplex, 1000Mbps, link type is auto, media type is Virtual
  output flow-control is unsupported, input flow-control is unsupported
  ARP type: ARPA, ARP Timeout 04:00:00
  Last input never, output never, output hang never
  Last clearing of "show interface" counters never
  Input queue: 0/375/0/0 (size/max/drops/flushes); Total output drops: 0
  Queueing strategy: fifo
  Output queue: 0/40 (size/max)
  5 minute input rate 0 bits/sec, 0 packets/sec
  5 minute output rate 0 bits/sec, 0 packets/sec
     0 packets input, 0 bytes, 0 no buffer
     Received 0 broadcasts (0 IP multicasts)
     0 runts, 0 giants, 0 throttles 
     0 input errors, 0 CRC, 0 frame, 0 overrun, 0 ignored
     0 watchdog, 0 multicast, 0 pause input
     0 packets output, 0 bytes, 0 underruns
     Output 0 broadcasts (0 IP multicasts)
     0 output errors, 0 collisions, 0 interface resets
     0 unknown protocol drops
     0 babbles, 0 late collision, 0 deferred
     0 lost carrier, 0 no carrier, 0 pause output
     0 output buffer failures, 0 output buffers swapped out
GigabitEthernet4 is administratively down, line protocol is down 
  Hardware is CSR vNIC, address is 5002.0001.0003 (bia 5002.0001.0003)
  Description: configured by Genie Conf Object
  MTU 1500 bytes, BW 1000000 Kbit/sec, DLY 10 usec, 
     reliability 255/255, txload 1/255, rxload 1/255
  Encapsulation ARPA, loopback not set
  Keepalive set (10 sec)
  Full Duplex, 1000Mbps, link type is auto, media type is Virtual
  output flow-control is unsupported, input flow-control is unsupported
  ARP type: ARPA, ARP Timeout 04:00:00
  Last input never, output never, output hang never
  Last clearing of "show interface" counters never
  Input queue: 0/375/0/0 (size/max/drops/flushes); Total output drops: 0
  Queueing strategy: fifo
  Output queue: 0/40 (size/max)
  5 minute input rate 0 bits/sec, 0 packets/sec
  5 minute output rate 0 bits/sec, 0 packets/sec
     0 packets input, 0 bytes, 0 no buffer
     Received 0 broadcasts (0 IP multicasts)
     0 runts, 0 giants, 0 throttles 
     0 input errors, 0 CRC, 0 frame, 0 overrun, 0 ignored
     0 watchdog, 0 multicast, 0 pause input
     0 packets output, 0 bytes, 0 underruns
     Output 0 broadcasts (0 IP multicasts)
     0 output errors, 0 collisions, 0 interface resets
     0 unknown protocol drops
     0 babbles, 0 late collision, 0 deferred
     0 lost carrier, 0 no carrier, 0 pause output
     0 output buffer failures, 0 output buffers swapped out
Loopback0 is up, line protocol is up 
  Hardware is Loopback
  Internet address is 192.168.255.1/32
  MTU 1514 bytes, BW 8000000 Kbit/sec, DLY 5000 usec, 
     reliability 255/255, txload 1/255, rxload 1/255
  Encapsulation LOOPBACK, loopback not set
  Keepalive set (10 sec)
  Last input 1d06h, output 1d06h, output hang never
  Last clearing of "show interface" counters never
  Input queue: 0/75/0/0 (size/max/drops/flushes); Total output drops: 0
  Queueing strategy: fifo
  Output queue: 0/0 (size/max)
  5 minute input rate 0 bits/sec, 0 packets/sec
  5 minute output rate 0 bits/sec, 0 packets/sec
     0 packets input, 0 bytes, 0 no buffer
     Received 0 broadcasts (0 IP multicasts)
     0 runts, 0 giants, 0 throttles 
     0 input errors, 0 CRC, 0 frame, 0 overrun, 0 ignored, 0 abort
     0 packets output, 0 bytes, 0 underruns
     Output 0 broadcasts (0 IP multicasts)
     0 output errors, 0 collisions, 0 interface resets
     0 unknown protocol drops
     0 output buffer failures, 0 output buffers swapped out
r1#
{'GigabitEthernet1': {'arp_timeout': '04:00:00',
                      'arp_type': 'arpa',
                      'auto_negotiate': True,
                      'bandwidth': 1000000,
                      'counters': {'in_broadcast_pkts': 0,
                                   'in_crc_errors': 0,
                                   'in_errors': 0,
                                   'in_frame': 0,
                                   'in_giants': 0,
                                   'in_ignored': 0,
                                   'in_mac_pause_frames': 0,
                                   'in_multicast_pkts': 0,
                                   'in_no_buffer': 0,
                                   'in_octets': 15163078,
                                   'in_overrun': 0,
                                   'in_pkts': 95432,
                                   'in_runts': 0,
                                   'in_throttles': 0,
                                   'in_watchdog': 0,
                                   'last_clear': 'never',
                                   'out_babble': 0,
                                   'out_broadcast_pkts': 0,
                                   'out_buffer_failure': 0,
                                   'out_buffers_swapped': 0,
                                   'out_collision': 0,
                                   'out_deferred': 0,
                                   'out_errors': 0,
                                   'out_interface_resets': 4,
                                   'out_late_collision': 0,
                                   'out_lost_carrier': 0,
                                   'out_mac_pause_frames': 0,
                                   'out_multicast_pkts': 0,
                                   'out_no_carrier': 0,
                                   'out_octets': 14729018,
                                   'out_pkts': 94415,
                                   'out_underruns': 0,
                                   'out_unknown_protocl_drops': 17,
                                   'rate': {'in_rate': 0,
                                            'in_rate_pkts': 0,
                                            'load_interval': 300,
                                            'out_rate': 0,
                                            'out_rate_pkts': 0}},
                      'delay': 10,
                      'description': 'to r2',
                      'duplex_mode': 'full',
                      'enabled': True,
                      'encapsulations': {'encapsulation': 'arpa'},
                      'flow_control': {'receive': False, 'send': False},
                      'ipv4': {'192.168.12.1/24': {'ip': '192.168.12.1',
                                                   'prefix_length': '24'}},
                      'keepalive': 10,
                      'last_input': '00:00:03',
                      'last_output': '00:00:00',
                      'line_protocol': 'up',
                      'link_type': 'auto',
                      'mac_address': '5002.0001.0000',
                      'media_type': 'Virtual',
                      'mtu': 9000,
                      'oper_status': 'up',
                      'output_hang': 'never',
                      'phys_address': '5002.0001.0000',
                      'port_channel': {'port_channel_member': False},
                      'port_speed': '1000mbps',
                      'queues': {'input_queue_drops': 0,
                                 'input_queue_flushes': 0,
                                 'input_queue_max': 375,
                                 'input_queue_size': 0,
                                 'output_queue_max': 40,
                                 'output_queue_size': 0,
                                 'queue_strategy': 'fifo',
                                 'total_output_drop': 0},
                      'reliability': '255/255',
                      'rxload': '1/255',
                      'txload': '1/255',
                      'type': 'CSR vNIC'},
 'GigabitEthernet2': {'arp_timeout': '04:00:00',
                      'arp_type': 'arpa',
                      'auto_negotiate': True,
                      'bandwidth': 1000000,
                      'counters': {'in_broadcast_pkts': 0,
                                   'in_crc_errors': 0,
                                   'in_errors': 0,
                                   'in_frame': 0,
                                   'in_giants': 0,
                                   'in_ignored': 0,
                                   'in_mac_pause_frames': 0,
                                   'in_multicast_pkts': 0,
                                   'in_no_buffer': 0,
                                   'in_octets': 11781924,
                                   'in_overrun': 0,
                                   'in_pkts': 76918,
                                   'in_runts': 0,
                                   'in_throttles': 0,
                                   'in_watchdog': 0,
                                   'last_clear': 'never',
                                   'out_babble': 0,
                                   'out_broadcast_pkts': 0,
                                   'out_buffer_failure': 0,
                                   'out_buffers_swapped': 0,
                                   'out_collision': 0,
                                   'out_deferred': 0,
                                   'out_errors': 0,
                                   'out_interface_resets': 5,
                                   'out_late_collision': 0,
                                   'out_lost_carrier': 0,
                                   'out_mac_pause_frames': 0,
                                   'out_multicast_pkts': 0,
                                   'out_no_carrier': 0,
                                   'out_octets': 11631714,
                                   'out_pkts': 75914,
                                   'out_underruns': 0,
                                   'out_unknown_protocl_drops': 17,
                                   'rate': {'in_rate': 0,
                                            'in_rate_pkts': 0,
                                            'load_interval': 300,
                                            'out_rate': 0,
                                            'out_rate_pkts': 0}},
                      'delay': 10,
                      'description': 'to r3',
                      'duplex_mode': 'full',
                      'enabled': True,
                      'encapsulations': {'encapsulation': 'arpa'},
                      'flow_control': {'receive': False, 'send': False},
                      'ipv4': {'192.168.13.1/24': {'ip': '192.168.13.1',
                                                   'prefix_length': '24'}},
                      'keepalive': 10,
                      'last_input': '00:00:04',
                      'last_output': '00:00:02',
                      'line_protocol': 'up',
                      'link_type': 'auto',
                      'mac_address': '5002.0001.0001',
                      'media_type': 'Virtual',
                      'mtu': 9000,
                      'oper_status': 'up',
                      'output_hang': 'never',
                      'phys_address': '5002.0001.0001',
                      'port_channel': {'port_channel_member': False},
                      'port_speed': '1000mbps',
                      'queues': {'input_queue_drops': 0,
                                 'input_queue_flushes': 0,
                                 'input_queue_max': 375,
                                 'input_queue_size': 0,
                                 'output_queue_max': 40,
                                 'output_queue_size': 0,
                                 'queue_strategy': 'fifo',
                                 'total_output_drop': 0},
                      'reliability': '255/255',
                      'rxload': '1/255',
                      'txload': '1/255',
                      'type': 'CSR vNIC'},
 'GigabitEthernet3': {'arp_timeout': '04:00:00',
                      'arp_type': 'arpa',
                      'auto_negotiate': True,
                      'bandwidth': 1000000,
                      'counters': {'in_broadcast_pkts': 0,
                                   'in_crc_errors': 0,
                                   'in_errors': 0,
                                   'in_frame': 0,
                                   'in_giants': 0,
                                   'in_ignored': 0,
                                   'in_mac_pause_frames': 0,
                                   'in_multicast_pkts': 0,
                                   'in_no_buffer': 0,
                                   'in_octets': 0,
                                   'in_overrun': 0,
                                   'in_pkts': 0,
                                   'in_runts': 0,
                                   'in_throttles': 0,
                                   'in_watchdog': 0,
                                   'last_clear': 'never',
                                   'out_babble': 0,
                                   'out_broadcast_pkts': 0,
                                   'out_buffer_failure': 0,
                                   'out_buffers_swapped': 0,
                                   'out_collision': 0,
                                   'out_deferred': 0,
                                   'out_errors': 0,
                                   'out_interface_resets': 0,
                                   'out_late_collision': 0,
                                   'out_lost_carrier': 0,
                                   'out_mac_pause_frames': 0,
                                   'out_multicast_pkts': 0,
                                   'out_no_carrier': 0,
                                   'out_octets': 0,
                                   'out_pkts': 0,
                                   'out_underruns': 0,
                                   'out_unknown_protocl_drops': 0,
                                   'rate': {'in_rate': 0,
                                            'in_rate_pkts': 0,
                                            'load_interval': 300,
                                            'out_rate': 0,
                                            'out_rate_pkts': 0}},
                      'delay': 10,
                      'description': 'configured by Genie Conf Object',
                      'duplex_mode': 'full',
                      'enabled': False,
                      'encapsulations': {'encapsulation': 'arpa'},
                      'flow_control': {'receive': False, 'send': False},
                      'keepalive': 10,
                      'last_input': 'never',
                      'last_output': 'never',
                      'line_protocol': 'down',
                      'link_type': 'auto',
                      'mac_address': '5002.0001.0002',
                      'media_type': 'Virtual',
                      'mtu': 1500,
                      'oper_status': 'down',
                      'output_hang': 'never',
                      'phys_address': '5002.0001.0002',
                      'port_channel': {'port_channel_member': False},
                      'port_speed': '1000mbps',
                      'queues': {'input_queue_drops': 0,
                                 'input_queue_flushes': 0,
                                 'input_queue_max': 375,
                                 'input_queue_size': 0,
                                 'output_queue_max': 40,
                                 'output_queue_size': 0,
                                 'queue_strategy': 'fifo',
                                 'total_output_drop': 0},
                      'reliability': '255/255',
                      'rxload': '1/255',
                      'txload': '1/255',
                      'type': 'CSR vNIC'},
 'GigabitEthernet4': {'arp_timeout': '04:00:00',
                      'arp_type': 'arpa',
                      'auto_negotiate': True,
                      'bandwidth': 1000000,
                      'counters': {'in_broadcast_pkts': 0,
                                   'in_crc_errors': 0,
                                   'in_errors': 0,
                                   'in_frame': 0,
                                   'in_giants': 0,
                                   'in_ignored': 0,
                                   'in_mac_pause_frames': 0,
                                   'in_multicast_pkts': 0,
                                   'in_no_buffer': 0,
                                   'in_octets': 0,
                                   'in_overrun': 0,
                                   'in_pkts': 0,
                                   'in_runts': 0,
                                   'in_throttles': 0,
                                   'in_watchdog': 0,
                                   'last_clear': 'never',
                                   'out_babble': 0,
                                   'out_broadcast_pkts': 0,
                                   'out_buffer_failure': 0,
                                   'out_buffers_swapped': 0,
                                   'out_collision': 0,
                                   'out_deferred': 0,
                                   'out_errors': 0,
                                   'out_interface_resets': 0,
                                   'out_late_collision': 0,
                                   'out_lost_carrier': 0,
                                   'out_mac_pause_frames': 0,
                                   'out_multicast_pkts': 0,
                                   'out_no_carrier': 0,
                                   'out_octets': 0,
                                   'out_pkts': 0,
                                   'out_underruns': 0,
                                   'out_unknown_protocl_drops': 0,
                                   'rate': {'in_rate': 0,
                                            'in_rate_pkts': 0,
                                            'load_interval': 300,
                                            'out_rate': 0,
                                            'out_rate_pkts': 0}},
                      'delay': 10,
                      'description': 'configured by Genie Conf Object',
                      'duplex_mode': 'full',
                      'enabled': False,
                      'encapsulations': {'encapsulation': 'arpa'},
                      'flow_control': {'receive': False, 'send': False},
                      'keepalive': 10,
                      'last_input': 'never',
                      'last_output': 'never',
                      'line_protocol': 'down',
                      'link_type': 'auto',
                      'mac_address': '5002.0001.0003',
                      'media_type': 'Virtual',
                      'mtu': 1500,
                      'oper_status': 'down',
                      'output_hang': 'never',
                      'phys_address': '5002.0001.0003',
                      'port_channel': {'port_channel_member': False},
                      'port_speed': '1000mbps',
                      'queues': {'input_queue_drops': 0,
                                 'input_queue_flushes': 0,
                                 'input_queue_max': 375,
                                 'input_queue_size': 0,
                                 'output_queue_max': 40,
                                 'output_queue_size': 0,
                                 'queue_strategy': 'fifo',
                                 'total_output_drop': 0},
                      'reliability': '255/255',
                      'rxload': '1/255',
                      'txload': '1/255',
                      'type': 'CSR vNIC'},
 'Loopback0': {'bandwidth': 8000000,
               'counters': {'in_abort': 0,
                            'in_broadcast_pkts': 0,
                            'in_crc_errors': 0,
                            'in_errors': 0,
                            'in_frame': 0,
                            'in_giants': 0,
                            'in_ignored': 0,
                            'in_multicast_pkts': 0,
                            'in_no_buffer': 0,
                            'in_octets': 0,
                            'in_overrun': 0,
                            'in_pkts': 0,
                            'in_runts': 0,
                            'in_throttles': 0,
                            'last_clear': 'never',
                            'out_broadcast_pkts': 0,
                            'out_buffer_failure': 0,
                            'out_buffers_swapped': 0,
                            'out_collision': 0,
                            'out_errors': 0,
                            'out_interface_resets': 0,
                            'out_multicast_pkts': 0,
                            'out_octets': 0,
                            'out_pkts': 0,
                            'out_underruns': 0,
                            'out_unknown_protocl_drops': 0,
                            'rate': {'in_rate': 0,
                                     'in_rate_pkts': 0,
                                     'load_interval': 300,
                                     'out_rate': 0,
                                     'out_rate_pkts': 0}},
               'delay': 5000,
               'enabled': True,
               'encapsulations': {'encapsulation': 'loopback'},
               'ipv4': {'192.168.255.1/32': {'ip': '192.168.255.1',
                                             'prefix_length': '32'}},
               'keepalive': 10,
               'last_input': '1d06h',
               'last_output': '1d06h',
               'line_protocol': 'up',
               'mtu': 1514,
               'oper_status': 'up',
               'output_hang': 'never',
               'port_channel': {'port_channel_member': False},
               'queues': {'input_queue_drops': 0,
                          'input_queue_flushes': 0,
                          'input_queue_max': 75,
                          'input_queue_size': 0,
                          'output_queue_max': 0,
                          'output_queue_size': 0,
                          'queue_strategy': 'fifo',
                          'total_output_drop': 0},
               'reliability': '255/255',
               'rxload': '1/255',
               'txload': '1/255',
               'type': 'Loopback'}}
