{'version': {'chassis': 'CSR1000V',
             'chassis_sn': '934T7HPFN7R',
             'compiled_by': 'mcpre',
             'compiled_date': 'Tue 20-Jul-21 04:59',
             'copyright_years': '1986-2021',
             'curr_config_register': '0x2102',
             'disks': {'bootflash:.': {'disk_size': '6188032',
                                       'type_of_disk': 'virtual hard disk'}},
             'hostname': 'r1',
             'image_id': 'X86_64_LINUX_IOSD-UNIVERSALK9-M',
             'image_type': 'production image',
             'label': 'RELEASE SOFTWARE (fc3)',
             'last_reload_reason': 'reload',
             'license_level': 'ax',
             'license_type': 'N/A(Smart License Enabled)',
             'location': 'Amsterdam',
             'main_mem': '1105173',
             'mem_size': {'non-volatile configuration': '32768',
                          'physical': '3012228'},
             'next_reload_license_level': 'ax',
             'number_of_intfs': {'Gigabit Ethernet': '4'},
             'os': 'IOS',
             'platform': 'Virtual XE',
             'processor_type': 'VXE',
             'returned_to_rom_by': 'reload',
             'rom': 'IOS-XE ROMMON',
             'router_operating_mode': 'Autonomous',
             'rtr_type': 'CSR1000V',
             'system_image': 'bootflash:packages.conf',
             'uptime': '1 week, 5 days, 16 hours, 1 minute',
             'uptime_this_cp': '1 week, 5 days, 16 hours, 3 minutes',
             'version': '17.3.4a',
             'version_short': '17.3',
             'xe_version': '17.03.04a'}}
