
2022-10-19 10:21:02,173: %UNICON-INFO: +++ r1 logfile /tmp/r1-cli-20221019T102102171.log +++

2022-10-19 10:21:02,174: %UNICON-INFO: +++ Unicon plugin iosxe (unicon.plugins.iosxe) +++
Trying 10.38.220.42...


2022-10-19 10:21:02,253: %UNICON-INFO: +++ connection to spawn: telnet 10.38.220.42 38905, id: 140657861182608 +++

2022-10-19 10:21:02,253: %UNICON-INFO: connection to r1
Connected to 10.38.220.42.
Escape character is '^]'.
]0;r1
r1#

2022-10-19 10:21:03,352: %UNICON-INFO: +++ initializing handle +++

2022-10-19 10:21:03,420: %UNICON-INFO: +++ r1 with via 'console': executing command 'term len 0' +++
term len 0
r1#

2022-10-19 10:21:03,728: %UNICON-INFO: +++ r1 with via 'console': executing command 'term wid 0' +++
term wid 0
r1#

2022-10-19 10:21:07,256: %UNICON-INFO: +++ r1 with via 'console': executing command 'show interfaces' +++
show interfaces
GigabitEthernet1 is up, line protocol is up 
  Hardware is CSR vNIC, address is 5002.0001.0000 (bia 5002.0001.0000)
  Description: to r2
  Internet address is 192.168.12.1/24
  MTU 9000 bytes, BW 1000000 Kbit/sec, DLY 10 usec, 
     reliability 255/255, txload 1/255, rxload 1/255
  Encapsulation ARPA, loopback not set
  Keepalive set (10 sec)
  Full Duplex, 1000Mbps, link type is auto, media type is Virtual
  output flow-control is unsupported, input flow-control is unsupported
  ARP type: ARPA, ARP Timeout 04:00:00
  Last input 00:00:04, output 00:00:08, output hang never
  Last clearing of "show interface" counters never
  Input queue: 0/375/0/0 (size/max/drops/flushes); Total output drops: 0
  Queueing strategy: fifo
  Output queue: 0/40 (size/max)
  5 minute input rate 0 bits/sec, 0 packets/sec
  5 minute output rate 0 bits/sec, 0 packets/sec
     69751 packets input, 11075630 bytes, 0 no buffer
     Received 0 broadcasts (0 IP multicasts)
     0 runts, 0 giants, 0 throttles 
     0 input errors, 0 CRC, 0 frame, 0 overrun, 0 ignored
     0 watchdog, 0 multicast, 0 pause input
     68741 packets output, 10788150 bytes, 0 underruns
     Output 0 broadcasts (0 IP multicasts)
     0 output errors, 0 collisions, 4 interface resets
     17 unknown protocol drops
     0 babbles, 0 late collision, 0 deferred
     0 lost carrier, 0 no carrier, 0 pause output
     0 output buffer failures, 0 output buffers swapped out
GigabitEthernet2 is up, line protocol is up 
  Hardware is CSR vNIC, address is 5002.0001.0001 (bia 5002.0001.0001)
  Description: to r3
  Internet address is 192.168.13.1/24
  MTU 9000 bytes, BW 1000000 Kbit/sec, DLY 10 usec, 
     reliability 255/255, txload 1/255, rxload 1/255
  Encapsulation ARPA, loopback not set
  Keepalive set (10 sec)
  Full Duplex, 1000Mbps, link type is auto, media type is Virtual
  output flow-control is unsupported, input flow-control is unsupported
  ARP type: ARPA, ARP Timeout 04:00:00
  Last input 00:00:05, output 00:00:07, output hang never
  Last clearing of "show interface" counters never
  Input queue: 0/375/0/0 (size/max/drops/flushes); Total output drops: 0
  Queueing strategy: fifo
  Output queue: 0/40 (size/max)
  5 minute input rate 0 bits/sec, 0 packets/sec
  5 minute output rate 0 bits/sec, 0 packets/sec
     51245 packets input, 7841566 bytes, 0 no buffer
     Received 0 broadcasts (0 IP multicasts)
     0 runts, 0 giants, 0 throttles 
     0 input errors, 0 CRC, 0 frame, 0 overrun, 0 ignored
     0 watchdog, 0 multicast, 0 pause input
     50235 packets output, 7689406 bytes, 0 underruns
     Output 0 broadcasts (0 IP multicasts)
     0 output errors, 0 collisions, 5 interface resets
     17 unknown protocol drops
     0 babbles, 0 late collision, 0 deferred
     0 lost carrier, 0 no carrier, 0 pause output
     0 output buffer failures, 0 output buffers swapped out
GigabitEthernet3 is administratively down, line protocol is down 
  Hardware is CSR vNIC, address is 5002.0001.0002 (bia 5002.0001.0002)
  Description: configured by Genie Conf Object
  MTU 1500 bytes, BW 1000000 Kbit/sec, DLY 10 usec, 
     reliability 255/255, txload 1/255, rxload 1/255
  Encapsulation ARPA, loopback not set
  Keepalive set (10 sec)
  Full Duplex, 1000Mbps, link type is auto, media type is Virtual
  output flow-control is unsupported, input flow-control is unsupported
  ARP type: ARPA, ARP Timeout 04:00:00
  Last input never, output never, output hang never
  Last clearing of "show interface" counters never
  Input queue: 0/375/0/0 (size/max/drops/flushes); Total output drops: 0
  Queueing strategy: fifo
  Output queue: 0/40 (size/max)
  5 minute input rate 0 bits/sec, 0 packets/sec
  5 minute output rate 0 bits/sec, 0 packets/sec
     0 packets input, 0 bytes, 0 no buffer
     Received 0 broadcasts (0 IP multicasts)
     0 runts, 0 giants, 0 throttles 
     0 input errors, 0 CRC, 0 frame, 0 overrun, 0 ignored
     0 watchdog, 0 multicast, 0 pause input
     0 packets output, 0 bytes, 0 underruns
     Output 0 broadcasts (0 IP multicasts)
     0 output errors, 0 collisions, 0 interface resets
     0 unknown protocol drops
     0 babbles, 0 late collision, 0 deferred
     0 lost carrier, 0 no carrier, 0 pause output
     0 output buffer failures, 0 output buffers swapped out
GigabitEthernet4 is administratively down, line protocol is down 
  Hardware is CSR vNIC, address is 5002.0001.0003 (bia 5002.0001.0003)
  Description: configured by Genie Conf Object
  MTU 1500 bytes, BW 1000000 Kbit/sec, DLY 10 usec, 
     reliability 255/255, txload 1/255, rxload 1/255
  Encapsulation ARPA, loopback not set
  Keepalive set (10 sec)
  Full Duplex, 1000Mbps, link type is auto, media type is Virtual
  output flow-control is unsupported, input flow-control is unsupported
  ARP type: ARPA, ARP Timeout 04:00:00
  Last input never, output never, output hang never
  Last clearing of "show interface" counters never
  Input queue: 0/375/0/0 (size/max/drops/flushes); Total output drops: 0
  Queueing strategy: fifo
  Output queue: 0/40 (size/max)
  5 minute input rate 0 bits/sec, 0 packets/sec
  5 minute output rate 0 bits/sec, 0 packets/sec
     0 packets input, 0 bytes, 0 no buffer
     Received 0 broadcasts (0 IP multicasts)
     0 runts, 0 giants, 0 throttles 
     0 input errors, 0 CRC, 0 frame, 0 overrun, 0 ignored
     0 watchdog, 0 multicast, 0 pause input
     0 packets output, 0 bytes, 0 underruns
     Output 0 broadcasts (0 IP multicasts)
     0 output errors, 0 collisions, 0 interface resets
     0 unknown protocol drops
     0 babbles, 0 late collision, 0 deferred
     0 lost carrier, 0 no carrier, 0 pause output
     0 output buffer failures, 0 output buffers swapped out
Loopback0 is up, line protocol is up 
  Hardware is Loopback
  Internet address is 192.168.255.1/32
  MTU 1514 bytes, BW 8000000 Kbit/sec, DLY 5000 usec, 
     reliability 255/255, txload 1/255, rxload 1/255
  Encapsulation LOOPBACK, loopback not set
  Keepalive set (10 sec)
  Last input 16:10:24, output 16:10:24, output hang never
  Last clearing of "show interface" counters never
  Input queue: 0/75/0/0 (size/max/drops/flushes); Total output drops: 0
  Queueing strategy: fifo
  Output queue: 0/0 (size/max)
  5 minute input rate 0 bits/sec, 0 packets/sec
  5 minute output rate 0 bits/sec, 0 packets/sec
     0 packets input, 0 bytes, 0 no buffer
     Received 0 broadcasts (0 IP multicasts)
     0 runts, 0 giants, 0 throttles 
     0 input errors, 0 CRC, 0 frame, 0 overrun, 0 ignored, 0 abort
     0 packets output, 0 bytes, 0 underruns
     Output 0 broadcasts (0 IP multicasts)
     0 output errors, 0 collisions, 0 interface resets
     0 unknown protocol drops
     0 output buffer failures, 0 output buffers swapped out
r1#
{'arp_timeout': '04:00:00',
 'arp_type': 'arpa',
 'auto_negotiate': True,
 'bandwidth': 1000000,
 'counters': {'in_broadcast_pkts': 0,
              'in_crc_errors': 0,
              'in_errors': 0,
              'in_frame': 0,
              'in_giants': 0,
              'in_ignored': 0,
              'in_mac_pause_frames': 0,
              'in_multicast_pkts': 0,
              'in_no_buffer': 0,
              'in_octets': 11075630,
              'in_overrun': 0,
              'in_pkts': 69751,
              'in_runts': 0,
              'in_throttles': 0,
              'in_watchdog': 0,
              'last_clear': 'never',
              'out_babble': 0,
              'out_broadcast_pkts': 0,
              'out_buffer_failure': 0,
              'out_buffers_swapped': 0,
              'out_collision': 0,
              'out_deferred': 0,
              'out_errors': 0,
              'out_interface_resets': 4,
              'out_late_collision': 0,
              'out_lost_carrier': 0,
              'out_mac_pause_frames': 0,
              'out_multicast_pkts': 0,
              'out_no_carrier': 0,
              'out_octets': 10788150,
              'out_pkts': 68741,
              'out_underruns': 0,
              'out_unknown_protocl_drops': 17,
              'rate': {'in_rate': 0,
                       'in_rate_pkts': 0,
                       'load_interval': 300,
                       'out_rate': 0,
                       'out_rate_pkts': 0}},
 'delay': 10,
 'description': 'to r2',
 'duplex_mode': 'full',
 'enabled': True,
 'encapsulations': {'encapsulation': 'arpa'},
 'flow_control': {'receive': False, 'send': False},
 'ipv4': {'192.168.12.1/24': {'ip': '192.168.12.1', 'prefix_length': '24'}},
 'keepalive': 10,
 'last_input': '00:00:04',
 'last_output': '00:00:08',
 'line_protocol': 'up',
 'link_type': 'auto',
 'mac_address': '5002.0001.0000',
 'media_type': 'Virtual',
 'mtu': 9000,
 'oper_status': 'up',
 'output_hang': 'never',
 'phys_address': '5002.0001.0000',
 'port_channel': {'port_channel_member': False},
 'port_speed': '1000mbps',
 'queues': {'input_queue_drops': 0,
            'input_queue_flushes': 0,
            'input_queue_max': 375,
            'input_queue_size': 0,
            'output_queue_max': 40,
            'output_queue_size': 0,
            'queue_strategy': 'fifo',
            'total_output_drop': 0},
 'reliability': '255/255',
 'rxload': '1/255',
 'txload': '1/255',
 'type': 'CSR vNIC'}
{'arp_timeout': '04:00:00',
 'arp_type': 'arpa',
 'auto_negotiate': True,
 'bandwidth': 1000000,
 'counters': {'in_broadcast_pkts': 0,
              'in_crc_errors': 0,
              'in_errors': 0,
              'in_frame': 0,
              'in_giants': 0,
              'in_ignored': 0,
              'in_mac_pause_frames': 0,
              'in_multicast_pkts': 0,
              'in_no_buffer': 0,
              'in_octets': 7841566,
              'in_overrun': 0,
              'in_pkts': 51245,
              'in_runts': 0,
              'in_throttles': 0,
              'in_watchdog': 0,
              'last_clear': 'never',
              'out_babble': 0,
              'out_broadcast_pkts': 0,
              'out_buffer_failure': 0,
              'out_buffers_swapped': 0,
              'out_collision': 0,
              'out_deferred': 0,
              'out_errors': 0,
              'out_interface_resets': 5,
              'out_late_collision': 0,
              'out_lost_carrier': 0,
              'out_mac_pause_frames': 0,
              'out_multicast_pkts': 0,
              'out_no_carrier': 0,
              'out_octets': 7689406,
              'out_pkts': 50235,
              'out_underruns': 0,
              'out_unknown_protocl_drops': 17,
              'rate': {'in_rate': 0,
                       'in_rate_pkts': 0,
                       'load_interval': 300,
                       'out_rate': 0,
                       'out_rate_pkts': 0}},
 'delay': 10,
 'description': 'to r3',
 'duplex_mode': 'full',
 'enabled': True,
 'encapsulations': {'encapsulation': 'arpa'},
 'flow_control': {'receive': False, 'send': False},
 'ipv4': {'192.168.13.1/24': {'ip': '192.168.13.1', 'prefix_length': '24'}},
 'keepalive': 10,
 'last_input': '00:00:05',
 'last_output': '00:00:07',
 'line_protocol': 'up',
 'link_type': 'auto',
 'mac_address': '5002.0001.0001',
 'media_type': 'Virtual',
 'mtu': 9000,
 'oper_status': 'up',
 'output_hang': 'never',
 'phys_address': '5002.0001.0001',
 'port_channel': {'port_channel_member': False},
 'port_speed': '1000mbps',
 'queues': {'input_queue_drops': 0,
            'input_queue_flushes': 0,
            'input_queue_max': 375,
            'input_queue_size': 0,
            'output_queue_max': 40,
            'output_queue_size': 0,
            'queue_strategy': 'fifo',
            'total_output_drop': 0},
 'reliability': '255/255',
 'rxload': '1/255',
 'txload': '1/255',
 'type': 'CSR vNIC'}
{'arp_timeout': '04:00:00',
 'arp_type': 'arpa',
 'auto_negotiate': True,
 'bandwidth': 1000000,
 'counters': {'in_broadcast_pkts': 0,
              'in_crc_errors': 0,
              'in_errors': 0,
              'in_frame': 0,
              'in_giants': 0,
              'in_ignored': 0,
              'in_mac_pause_frames': 0,
              'in_multicast_pkts': 0,
              'in_no_buffer': 0,
              'in_octets': 0,
              'in_overrun': 0,
              'in_pkts': 0,
              'in_runts': 0,
              'in_throttles': 0,
              'in_watchdog': 0,
              'last_clear': 'never',
              'out_babble': 0,
              'out_broadcast_pkts': 0,
              'out_buffer_failure': 0,
              'out_buffers_swapped': 0,
              'out_collision': 0,
              'out_deferred': 0,
              'out_errors': 0,
              'out_interface_resets': 0,
              'out_late_collision': 0,
              'out_lost_carrier': 0,
              'out_mac_pause_frames': 0,
              'out_multicast_pkts': 0,
              'out_no_carrier': 0,
              'out_octets': 0,
              'out_pkts': 0,
              'out_underruns': 0,
              'out_unknown_protocl_drops': 0,
              'rate': {'in_rate': 0,
                       'in_rate_pkts': 0,
                       'load_interval': 300,
                       'out_rate': 0,
                       'out_rate_pkts': 0}},
 'delay': 10,
 'description': 'configured by Genie Conf Object',
 'duplex_mode': 'full',
 'enabled': False,
 'encapsulations': {'encapsulation': 'arpa'},
 'flow_control': {'receive': False, 'send': False},
 'keepalive': 10,
 'last_input': 'never',
 'last_output': 'never',
 'line_protocol': 'down',
 'link_type': 'auto',
 'mac_address': '5002.0001.0002',
 'media_type': 'Virtual',
 'mtu': 1500,
 'oper_status': 'down',
 'output_hang': 'never',
 'phys_address': '5002.0001.0002',
 'port_channel': {'port_channel_member': False},
 'port_speed': '1000mbps',
 'queues': {'input_queue_drops': 0,
            'input_queue_flushes': 0,
            'input_queue_max': 375,
            'input_queue_size': 0,
            'output_queue_max': 40,
            'output_queue_size': 0,
            'queue_strategy': 'fifo',
            'total_output_drop': 0},
 'reliability': '255/255',
 'rxload': '1/255',
 'txload': '1/255',
 'type': 'CSR vNIC'}
{'arp_timeout': '04:00:00',
 'arp_type': 'arpa',
 'auto_negotiate': True,
 'bandwidth': 1000000,
 'counters': {'in_broadcast_pkts': 0,
              'in_crc_errors': 0,
              'in_errors': 0,
              'in_frame': 0,
              'in_giants': 0,
              'in_ignored': 0,
              'in_mac_pause_frames': 0,
              'in_multicast_pkts': 0,
              'in_no_buffer': 0,
              'in_octets': 0,
              'in_overrun': 0,
              'in_pkts': 0,
              'in_runts': 0,
              'in_throttles': 0,
              'in_watchdog': 0,
              'last_clear': 'never',
              'out_babble': 0,
              'out_broadcast_pkts': 0,
              'out_buffer_failure': 0,
              'out_buffers_swapped': 0,
              'out_collision': 0,
              'out_deferred': 0,
              'out_errors': 0,
              'out_interface_resets': 0,
              'out_late_collision': 0,
              'out_lost_carrier': 0,
              'out_mac_pause_frames': 0,
              'out_multicast_pkts': 0,
              'out_no_carrier': 0,
              'out_octets': 0,
              'out_pkts': 0,
              'out_underruns': 0,
              'out_unknown_protocl_drops': 0,
              'rate': {'in_rate': 0,
                       'in_rate_pkts': 0,
                       'load_interval': 300,
                       'out_rate': 0,
                       'out_rate_pkts': 0}},
 'delay': 10,
 'description': 'configured by Genie Conf Object',
 'duplex_mode': 'full',
 'enabled': False,
 'encapsulations': {'encapsulation': 'arpa'},
 'flow_control': {'receive': False, 'send': False},
 'keepalive': 10,
 'last_input': 'never',
 'last_output': 'never',
 'line_protocol': 'down',
 'link_type': 'auto',
 'mac_address': '5002.0001.0003',
 'media_type': 'Virtual',
 'mtu': 1500,
 'oper_status': 'down',
 'output_hang': 'never',
 'phys_address': '5002.0001.0003',
 'port_channel': {'port_channel_member': False},
 'port_speed': '1000mbps',
 'queues': {'input_queue_drops': 0,
            'input_queue_flushes': 0,
            'input_queue_max': 375,
            'input_queue_size': 0,
            'output_queue_max': 40,
            'output_queue_size': 0,
            'queue_strategy': 'fifo',
            'total_output_drop': 0},
 'reliability': '255/255',
 'rxload': '1/255',
 'txload': '1/255',
 'type': 'CSR vNIC'}
{'bandwidth': 8000000,
 'counters': {'in_abort': 0,
              'in_broadcast_pkts': 0,
              'in_crc_errors': 0,
              'in_errors': 0,
              'in_frame': 0,
              'in_giants': 0,
              'in_ignored': 0,
              'in_multicast_pkts': 0,
              'in_no_buffer': 0,
              'in_octets': 0,
              'in_overrun': 0,
              'in_pkts': 0,
              'in_runts': 0,
              'in_throttles': 0,
              'last_clear': 'never',
              'out_broadcast_pkts': 0,
              'out_buffer_failure': 0,
              'out_buffers_swapped': 0,
              'out_collision': 0,
              'out_errors': 0,
              'out_interface_resets': 0,
              'out_multicast_pkts': 0,
              'out_octets': 0,
              'out_pkts': 0,
              'out_underruns': 0,
              'out_unknown_protocl_drops': 0,
              'rate': {'in_rate': 0,
                       'in_rate_pkts': 0,
                       'load_interval': 300,
                       'out_rate': 0,
                       'out_rate_pkts': 0}},
 'delay': 5000,
 'enabled': True,
 'encapsulations': {'encapsulation': 'loopback'},
 'ipv4': {'192.168.255.1/32': {'ip': '192.168.255.1', 'prefix_length': '32'}},
 'keepalive': 10,
 'last_input': '16:10:24',
 'last_output': '16:10:24',
 'line_protocol': 'up',
 'mtu': 1514,
 'oper_status': 'up',
 'output_hang': 'never',
 'port_channel': {'port_channel_member': False},
 'queues': {'input_queue_drops': 0,
            'input_queue_flushes': 0,
            'input_queue_max': 75,
            'input_queue_size': 0,
            'output_queue_max': 0,
            'output_queue_size': 0,
            'queue_strategy': 'fifo',
            'total_output_drop': 0},
 'reliability': '255/255',
 'rxload': '1/255',
 'txload': '1/255',
 'type': 'Loopback'}
GigabitEthernet3 is not used.
GigabitEthernet4 is not used.
Loopback0 is not used.
[(0, ['GigabitEthernet3', 'counters', 'out_pkts']),
 (0, ['GigabitEthernet4', 'counters', 'out_pkts']),
 (0, ['Loopback0', 'counters', 'out_pkts'])]
