
2022-10-19 10:27:57,095: %UNICON-INFO: +++ r1 logfile /tmp/r1-cli-20221019T102757092.log +++

2022-10-19 10:27:57,096: %UNICON-INFO: +++ Unicon plugin iosxe (unicon.plugins.iosxe) +++
Trying 10.38.220.42...


2022-10-19 10:27:57,168: %UNICON-INFO: +++ connection to spawn: telnet 10.38.220.42 38905, id: 140608645940080 +++

2022-10-19 10:27:57,169: %UNICON-INFO: connection to r1
Connected to 10.38.220.42.
Escape character is '^]'.
]0;r1
r1#

2022-10-19 10:27:58,259: %UNICON-INFO: +++ initializing handle +++

2022-10-19 10:27:58,323: %UNICON-INFO: +++ r1 with via 'console': executing command 'term len 0' +++
term len 0
r1#

2022-10-19 10:27:58,627: %UNICON-INFO: +++ r1 with via 'console': executing command 'term wid 0' +++
term wid 0
r1#
interface GigabitEthernet1
 description configured by Genie Conf Object
 exit
interface GigabitEthernet2
 description configured by Genie Conf Object
 exit
interface GigabitEthernet3
 description configured by Genie Conf Object
 exit
interface GigabitEthernet4
 description configured by Genie Conf Object
 exit

2022-10-19 10:27:59,064: %UNICON-INFO: +++ r1 with via 'console': configure +++
config term
Enter configuration commands, one per line.  End with CNTL/Z.
r1(config)#interface GigabitEthernet1
r1(config-if)# description configured by Genie Conf Object
r1(config-if)# exit
r1(config)#end
r1#

2022-10-19 10:27:59,779: %UNICON-INFO: +++ r1 with via 'console': configure +++
config term
Enter configuration commands, one per line.  End with CNTL/Z.
r1(config)#interface GigabitEthernet2
r1(config-if)# description configured by Genie Conf Object
r1(config-if)# exit
r1(config)#end
r1#

2022-10-19 10:28:00,515: %UNICON-INFO: +++ r1 with via 'console': configure +++
config term
Enter configuration commands, one per line.  End with CNTL/Z.
r1(config)#interface GigabitEthernet3
r1(config-if)# description configured by Genie Conf Object
r1(config-if)# exit
r1(config)#end
r1#

2022-10-19 10:28:01,205: %UNICON-INFO: +++ r1 with via 'console': configure +++
config term
Enter configuration commands, one per line.  End with CNTL/Z.
r1(config)#interface GigabitEthernet4
r1(config-if)# description configured by Genie Conf Object
r1(config-if)# exit
r1(config)#end
r1#

2022-10-19 10:28:01,888: %UNICON-INFO: +++ r1 with via 'console': configure +++
config term
Enter configuration commands, one per line.  End with CNTL/Z.
r1(config)#interface GigabitEthernet1
r1(config-if)# no description configured by Genie Conf Object
r1(config-if)# exit
r1(config)#end
r1#
