
2022-10-19 10:36:50,094: %UNICON-INFO: +++ r1 logfile /tmp/r1-cli-20221019T103650092.log +++

2022-10-19 10:36:50,095: %UNICON-INFO: +++ Unicon plugin iosxe (unicon.plugins.iosxe) +++
Trying 10.38.220.42...


2022-10-19 10:36:50,179: %UNICON-INFO: +++ connection to spawn: telnet 10.38.220.42 38905, id: 139672802542976 +++

2022-10-19 10:36:50,180: %UNICON-INFO: connection to r1
Connected to 10.38.220.42.
Escape character is '^]'.
]0;r1
r1#

2022-10-19 10:36:51,287: %UNICON-INFO: +++ initializing handle +++

2022-10-19 10:36:51,352: %UNICON-INFO: +++ r1 with via 'console': executing command 'term len 0' +++
term len 0
r1#

2022-10-19 10:36:51,638: %UNICON-INFO: +++ r1 with via 'console': executing command 'term wid 0' +++
term wid 0
r1#

2022-10-19 10:36:51,974: %UNICON-INFO: +++ r1 with via 'console': configure +++
config term
Enter configuration commands, one per line.  End with CNTL/Z.
r1(config)#
r1(config)#cdp run
r1(config)#interface Gig1
r1(config-if)#cdp enable
r1(config-if)#exit
r1(config)#interface Gig2
r1(config-if)#cdp enable
r1(config-if)#exit
r1(config)#end
r1#
('\r\n'
 'cdp run\r\n'
 'interface Gig1\r\n'
 'cdp enable\r\n'
 'exit\r\n'
 'interface Gig2\r\n'
 'cdp enable\r\n'
 'exit\r\n')

2022-10-19 10:36:53,181: %UNICON-INFO: +++ r1 with via 'console': configure +++
config term
Enter configuration commands, one per line.  End with CNTL/Z.
r1(config)#interface Loopback0
r1(config-if)# ip address 192.168.255.1 255.255.255.255
r1(config-if)# no shutdown
r1(config-if)# exit
r1(config)#end
r1#

2022-10-19 10:36:53,968: %UNICON-INFO: +++ r1 with via 'console': configure +++
config term
Enter configuration commands, one per line.  End with CNTL/Z.
r1(config)#interface GigabitEthernet1
r1(config-if)# description to r2
r1(config-if)# ip address 192.168.12.1 255.255.255.0
r1(config-if)# mtu 9000
r1(config-if)# no shutdown
r1(config-if)# exit
r1(config)#end
r1#

2022-10-19 10:36:54,939: %UNICON-INFO: +++ r1 with via 'console': configure +++
config term
Enter configuration commands, one per line.  End with CNTL/Z.
r1(config)#interface GigabitEthernet2
r1(config-if)# description to r3
r1(config-if)# ip address 192.168.13.1 255.255.255.0
r1(config-if)# mtu 9000
r1(config-if)# no shutdown
r1(config-if)# exit
r1(config)#end
r1#
('router ospf 1\n'
 ' router-id 192.168.255.1\n'
 ' network 192.168.12.1 0.0.0.0 area 0\n'
 ' network 192.168.13.1 0.0.0.0 area 0\n'
 ' network 192.168.255.1 0.0.0.0 area 0\n'
 ' exit\n'
 'interface GigabitEthernet1\n'
 ' ip ospf cost 100\n'
 ' ip ospf network point-to-point\n'
 ' exit\n'
 'interface GigabitEthernet2\n'
 ' ip ospf cost 100\n'
 ' ip ospf network point-to-point\n'
 ' exit')

2022-10-19 10:36:56,168: %UNICON-INFO: +++ r1 with via 'console': configure +++
config term
Enter configuration commands, one per line.  End with CNTL/Z.
r1(config)#router ospf 1
r1(config-router)# router-id 192.168.255.1
r1(config-router)# network 192.168.12.1 0.0.0.0 area 0
r1(config-router)# network 192.168.13.1 0.0.0.0 area 0
r1(config-router)# network 192.168.255.1 0.0.0.0 area 0
r1(config-router)# exit
r1(config)#interface GigabitEthernet1
r1(config-if)# ip ospf cost 100
r1(config-if)# ip ospf network point-to-point
r1(config-if)# exit
r1(config)#interface GigabitEthernet2
r1(config-if)# ip ospf cost 100
r1(config-if)# ip ospf network point-to-point
r1(config-if)# exit
r1(config)#end
r1#
