['analyze_rate',
 'analyze_udp_in_mpls_packets',
 'arithmetic_operations',
 'assign_default_ipv4_sgacl',
 'assign_static_ipv4_sgacl',
 'attach_device_tracking_policy_to_interface',
 'attach_dhcpv6_guard_policy_to_interface',
 'attach_dhcpv6_guard_policy_to_vlan',
 'attach_ipv6_dhcp_guard_policy',
 'attach_ipv6_nd_suppress_policy',
 'attach_ipv6_raguard_policy_to_interface',
 'attach_ipv6_raguard_policy_to_vlan',
 'authentication_convert_to_new_style',
 'bits_to_netmask',
 'change_configuration_using_jinja_templates',
 'change_hostname',
 'change_nve_source_interface',
 'change_power_cycler_state',
 'check_traffic_drop_count',
 'check_traffic_expected_rate',
 'check_traffic_transmitted_rate',
 'clear_aaa_cache',
 'clear_access_list_counters',
 'clear_access_session',
 'clear_access_session_intf',
 'clear_access_session_mac',
 'clear_arp_cache',
 'clear_bgp_neighbors_soft',
 'clear_counters',
 'clear_crypto_gkm',
 'clear_crypto_sa_counters',
 'clear_crypto_session',
 'clear_cts_counters',
 'clear_cts_credentials',
 'clear_device_tracking_counters',
 'clear_device_tracking_database',
 'clear_device_tracking_messages',
 'clear_dhcpv4_server_stats',
 'clear_dmvpn',
 'clear_dmvpn_crypto_nhrp_ike_stats',
 'clear_dmvpn_crypto_nhrp_stats',
 'clear_dmvpn_statistics',
 'clear_errdisable_intf_vlan',
 'clear_flow_exporter_statistics',
 'clear_flow_monitor',
 'clear_flow_monitor_statistics',
 'clear_flow_monitor_statistics_for_et_analytics',
 'clear_fqdn_database_all',
 'clear_fqdn_packet_stats',
 'clear_ikev2_sa',
 'clear_interface_config',
 'clear_interface_counters',
 'clear_interface_interfaces',
 'clear_iox',
 'clear_ip_bgp',
 'clear_ip_bgp_af_as',
 'clear_ip_bgp_vrf_af_soft',
 'clear_ip_dhcp_binding',
 'clear_ip_dhcp_snooping_binding',
 'clear_ip_mroute_all',
 'clear_ip_mroute_vrf',
 'clear_ip_nat_translation_all',
 'clear_ip_nhrp',
 'clear_ip_reflexive_list',
 'clear_ip_route',
 'clear_ip_route_all',
 'clear_ip_traffic',
 'clear_ipv6_mfib_vrf_counters',
 'clear_ipv6_mld_group',
 'clear_ipv6_nhrp',
 'clear_ipv6_pim_topology',
 'clear_logging',
 'clear_mac_address_table_dynamic',
 'clear_macsec_counters',
 'clear_mdns_cache',
 'clear_mdns_controller_statistics',
 'clear_mdns_query_db',
 'clear_mdns_statistics',
 'clear_mdns_statistics_all',
 'clear_mdns_statistics_servicepeer',
 'clear_mdns_statistics_sp_sdg',
 'clear_mka_session',
 'clear_mpls_counters',
 'clear_mpls_ldp_neighbor',
 'clear_packet_buffer',
 'clear_port_security',
 'compare_archive_config_dicts',
 'compare_config_dicts',
 'compared_with_running_config',
 'concurrent_ssh_sessions',
 'confgiure_port_channel_min_link',
 'config_acl_on_interface',
 'config_device_tracking_policy',
 'config_edge_trunk_on_interface',
 'config_enable_ip_routing',
 'config_enable_ipv6_routing',
 'config_encapsulation_on_interface',
 'config_eompls_pseudowire',
 'config_extended_acl',
 'config_extended_acl_with_evaluate',
 'config_extended_acl_with_reflect',
 'config_flow_exporter',
 'config_flow_monitor_on_interface',
 'config_identity_ibns',
 'config_interface_carrier_delay',
 'config_interface_isis',
 'config_interface_mtu',
 'config_interface_negotiation',
 'config_interface_ospf',
 'config_interface_ospfv3',
 'config_interface_ripng',
 'config_interface_subinterface_and_secondary_addresses',
 'config_interface_with_isis_router_name',
 'config_ip_on_interface',
 'config_ip_on_vlan',
 'config_ip_pim',
 'config_ip_subinterface',
 'config_ip_tcp_mss',
 'config_ipv6_nd_raguard_policy',
 'config_ipv6_source_guard_policy',
 'config_license',
 'config_mac_aging_time',
 'config_mac_learning',
 'config_macsec_keychain_on_device',
 'config_macsec_network_link_on_interface',
 'config_macsec_replay_protection_window_size',
 'config_macsec_should_secure',
 'config_mka_keychain_on_interface',
 'config_mka_policy',
 'config_mka_policy_xpn',
 'config_mpls_lable_protocol',
 'config_mpls_ldp_explicit_on_device',
 'config_mpls_ldp_on_device',
 'config_mpls_ldp_on_interface',
 'config_mpls_ldp_router_id_on_device',
 'config_mpls_on_device',
 'config_multicast_routing_mvpn_vrf',
 'config_no_keepalive_intf',
 'config_port_security_on_interface',
 'config_portchannel_range',
 'config_pseudowire_class',
 'config_pw_class_interface',
 'config_qos_rewrite_dscp',
 'config_refacl_global_timeout',
 'config_replace_to_flash_memory',
 'config_rp_address',
 'config_speed_nonego_on_interface',
 'config_standard_acl_for_ip_pim',
 'config_standby_console_enable',
 'config_vc_backup_peer',
 'config_vlan',
 'config_vlan_range',
 'config_vlan_tag_native',
 'config_wan_macsec_on_interface',
 'config_xconnect_on_interface',
 'configure_400g_mode_for_port_group',
 'configure_400g_mode_port_group_range',
 'configure_SVI_Autostate',
 'configure_SVI_Unnumbered',
 'configure_aaa_accounting_commands',
 'configure_aaa_attr_list',
 'configure_aaa_auth_cred_download',
 'configure_aaa_auth_proxy',
 'configure_aaa_authentication_enable',
 'configure_aaa_authorization_commands',
 'configure_aaa_default_dot1x_methods',
 'configure_aaa_local_auth',
 'configure_aaa_login_method_none',
 'configure_aaa_new_model',
 'configure_aaa_session_id',
 'configure_access_session_monitor',
 'configure_access_session_port_control',
 'configure_access_session_single_policy_interface',
 'configure_access_session_single_policy_policy_name',
 'configure_access_session_sticky',
 'configure_access_vlan',
 'configure_active_timer_under_et_analytics',
 'configure_any_radius_server',
 'configure_archive_logging',
 'configure_arp_timeout',
 'configure_attachment_circuit_vfi',
 'configure_auth_method',
 'configure_authentication_convert_to_new_style',
 'configure_authentication_convert_to_new_style_single_policy_interface',
 'configure_authentication_host_mode',
 'configure_authentication_order',
 'configure_authentication_parameters_interface',
 'configure_authentication_periodic',
 'configure_authentication_port_control',
 'configure_authentication_priority',
 'configure_authentication_timer_reauth',
 'configure_auto_qos',
 'configure_auto_qos_global',
 'configure_autodiscovery_bgp_signalling_ldp_template',
 'configure_bandwidth_remaining_policy_map',
 'configure_bba_group',
 'configure_bfd_neighbor_on_interface',
 'configure_bfd_on_interface',
 'configure_bgp_additional_paths',
 'configure_bgp_address_advertisement',
 'configure_bgp_address_family_attributes',
 'configure_bgp_advertise_additional_paths',
 'configure_bgp_advertise_l2vpn_evpn',
 'configure_bgp_graceful_restart',
 'configure_bgp_import_path_selection',
 'configure_bgp_l2vpn_evpn_rewrite_evpn_rt_asn',
 'configure_bgp_l2vpn_neighbor_activate',
 'configure_bgp_log_neighbor_changes',
 'configure_bgp_neighbor',
 'configure_bgp_neighbor_activate',
 'configure_bgp_neighbor_advertisement_interval',
 'configure_bgp_neighbor_as_override',
 'configure_bgp_neighbor_remote_as',
 'configure_bgp_neighbor_send_community',
 'configure_bgp_redistribute_connected',
 'configure_bgp_redistribute_ospf',
 'configure_bgp_redistribute_static',
 'configure_bgp_refresh_max_eor_time',
 'configure_bgp_router_id',
 'configure_bgp_router_id_interface',
 'configure_bgp_router_id_neighbor_ip_peergroup_neighbor',
 'configure_bgp_router_id_peergroup_neighbor',
 'configure_bgp_soo_on_inbound_from_neighbor',
 'configure_bgp_sso_route_refresh_enable',
 'configure_bgp_template_peer_policy',
 'configure_bgp_template_peer_session',
 'configure_bgp_update_delay',
 'configure_boot_manual',
 'configure_boot_system_switch_all_flash',
 'configure_broadband_aaa',
 'configure_by_jinja2',
 'configure_call_admission',
 'configure_cdp',
 'configure_cdp_interface',
 'configure_cdp_neighbors',
 'configure_class_map',
 'configure_class_map_subscriber',
 'configure_coa',
 'configure_common_criteria_policy',
 'configure_community_list_community_list_permit',
 'configure_control_plane_control_plane_policy',
 'configure_control_policies',
 'configure_controller_policy',
 'configure_controller_service_policy',
 'configure_crypto_ikev2_NAT_keepalive',
 'configure_crypto_ikev2_keyring',
 'configure_crypto_ikev2_policy',
 'configure_crypto_ikev2_proposal',
 'configure_crypto_ipsec_nat_transparency',
 'configure_crypto_map_for_gdoi',
 'configure_crypto_map_on_interface',
 'configure_crypto_pki_server',
 'configure_crypto_transform_set',
 'configure_cts_authorization_list',
 'configure_cts_credentials',
 'configure_cts_enforcement_interface',
 'configure_cts_role_based_monitor',
 'configure_cts_role_based_permission',
 'configure_cts_role_based_permission_default',
 'configure_debug_snmp_packets',
 'configure_default_gateway',
 'configure_default_mdns_controller',
 'configure_default_mpls_mldp',
 'configure_device',
 'configure_device_sgt',
 'configure_device_tracking_binding',
 'configure_device_tracking_binding_options',
 'configure_device_tracking_policy',
 'configure_device_tracking_tracking',
 'configure_device_tracking_upgrade_cli',
 'configure_dhcp_pool_ipv6_domain_name',
 'configure_dhcp_relay_information',
 'configure_dhcp_relay_short_lease',
 'configure_dhcpv6_guard_policy',
 'configure_diagonistics_monitor_switch',
 'configure_disable_aes_encryption',
 'configure_disable_nat_scale',
 'configure_disable_sci_dot1q_clear',
 'configure_dope_wrsp',
 'configure_dot1x_cred_int',
 'configure_dot1x_cred_pki',
 'configure_dot1x_cred_profile',
 'configure_dot1x_pae',
 'configure_dot1x_supplicant',
 'configure_downlink_interface',
 'configure_dynamic_nat_interface_overload_route_map_rule',
 'configure_dynamic_nat_outside_rule',
 'configure_dynamic_nat_pool_overload_route_map_rule',
 'configure_dynamic_nat_route_map_rule',
 'configure_dynamic_nat_rule',
 'configure_dynamic_path_in_tunnel',
 'configure_eap_method',
 'configure_eap_profile',
 'configure_eap_profile_md5',
 'configure_eapol_dest_address_interface',
 'configure_eapol_eth_type_interface',
 'configure_egress_interface',
 'configure_eigrp_named_networks',
 'configure_eigrp_networks',
 'configure_enable_aes_encryption',
 'configure_enable_nat_scale',
 'configure_enable_policy_password',
 'configure_encapsulation_mpls_ldp',
 'configure_errdisable',
 'configure_et_analytics',
 'configure_ethernet_vlan_unlimited',
 'configure_evpn_default_gateway_advertise_global',
 'configure_evpn_evi_replication_type',
 'configure_evpn_instance_encapsulation_type',
 'configure_evpn_instance_vlan_based_with_reoriginate_rt5',
 'configure_evpn_l2_instance_vlan_association',
 'configure_evpn_l3_instance_vlan_association',
 'configure_evpn_replication_type',
 'configure_explicit_path',
 'configure_explicit_path_in_tunnel',
 'configure_fips_authorization_key',
 'configure_flow_monitor',
 'configure_flow_monitor_cache_entry',
 'configure_flow_monitor_vlan_configuration',
 'configure_flow_record',
 'configure_fnf_exporter',
 'configure_fnf_monitor_datalink_interface',
 'configure_fnf_monitor_on_interface',
 'configure_fnf_monitor_sampler_interface',
 'configure_fnf_record',
 'configure_gdoi_group',
 'configure_global_dual_active_recovery_reload_disable',
 'configure_global_stackwise_virtual',
 'configure_host_ip_to_sgt_mapping',
 'configure_hqos_policer_map',
 'configure_hsrp_interface',
 'configure_hw_module_breakout',
 'configure_hw_module_slot_shutdown',
 'configure_igmp_version',
 'configure_ikev2_authorization_policy',
 'configure_ikev2_cac',
 'configure_ikev2_dpd',
 'configure_ikev2_fragmentation',
 'configure_ikev2_keyring',
 'configure_ikev2_policy',
 'configure_ikev2_profile',
 'configure_ikev2_profile_advanced',
 'configure_ikev2_profile_pre_share',
 'configure_ikev2_proposal',
 'configure_inherit_peer_session',
 'configure_interface_channel_group_auto_lacp',
 'configure_interface_description',
 'configure_interface_directed_broadcast',
 'configure_interface_duplex',
 'configure_interface_eigrp_v6',
 'configure_interface_for_authentication',
 'configure_interface_for_dot1x',
 'configure_interface_for_mab',
 'configure_interface_interfaces_on_port_channel',
 'configure_interface_l3_port_channel',
 'configure_interface_mac_address',
 'configure_interface_macro',
 'configure_interface_monitor_session',
 'configure_interface_no_switchport',
 'configure_interface_ospfv3',
 'configure_interface_pim',
 'configure_interface_pvlan_host_assoc',
 'configure_interface_pvlan_mode_with_submode',
 'configure_interface_reg_segment',
 'configure_interface_reg_segment_timer',
 'configure_interface_service_policy',
 'configure_interface_span_portfast',
 'configure_interface_speed',
 'configure_interface_storm_control_action',
 'configure_interface_storm_control_level',
 'configure_interface_switchport_access_vlan',
 'configure_interface_switchport_mode',
 'configure_interface_switchport_pvlan_and_native_vlan',
 'configure_interface_switchport_pvlan_association',
 'configure_interface_switchport_pvlan_mapping',
 'configure_interface_switchport_pvlan_mode',
 'configure_interface_switchport_trunk',
 'configure_interface_switchport_trunk_vlan',
 'configure_interface_switchport_voice_vlan',
 'configure_interface_template',
 'configure_interface_tunnel_hub',
 'configure_interface_tunnel_key',
 'configure_interface_tunnel_spoke',
 'configure_interface_virtual_template',
 'configure_interface_vtp',
 'configure_interfaces_on_port_channel',
 'configure_interfaces_shutdown',
 'configure_interfaces_unshutdown',
 'configure_ip_arp_inspection_validateip',
 'configure_ip_arp_inspection_vlan',
 'configure_ip_dhcp_client',
 'configure_ip_dhcp_client_vendor_class',
 'configure_ip_dhcp_snooping',
 'configure_ip_dhcp_snooping_database',
 'configure_ip_dhcp_snooping_information_option_allow_untrusted',
 'configure_ip_domain_lookup',
 'configure_ip_igmp_join_group',
 'configure_ip_igmp_snooping',
 'configure_ip_igmp_snooping_querier',
 'configure_ip_igmp_snooping_vlan_querier',
 'configure_ip_igmp_snooping_vlan_query_version',
 'configure_ip_igmp_static_group',
 'configure_ip_local_pool',
 'configure_ip_mtu',
 'configure_ip_multicast_routing',
 'configure_ip_multicast_vrf_routing',
 'configure_ip_name_server',
 'configure_ip_on_tunnel_interface',
 'configure_ip_ospf_mtu_ignore',
 'configure_ip_pim_bsr_candidate',
 'configure_ip_pim_rp_candidate_priority',
 'configure_ip_pim_vrf_ssm_default',
 'configure_ip_prefix_list',
 'configure_ip_role_based_acl',
 'configure_ip_rsvp_bandwidth',
 'configure_ip_subnet_to_sgt_mapping_vrf',
 'configure_ip_to_sgt_mapping_vrf',
 'configure_ip_unnumbered_on_interface',
 'configure_ip_vrf_forwarding_interface',
 'configure_ipsec_df_bit',
 'configure_ipsec_fragmentation',
 'configure_ipsec_profile',
 'configure_ipsec_sa_global',
 'configure_ipsec_transform_set',
 'configure_ipsec_tunnel',
 'configure_ipv4_dhcp_relay_helper',
 'configure_ipv4_dhcp_relay_helper_vrf',
 'configure_ipv4_subnet_to_sgt_mapping',
 'configure_ipv4_to_sgt_mapping',
 'configure_ipv6_acl',
 'configure_ipv6_acl_on_interface',
 'configure_ipv6_destination_guard_attach_policy',
 'configure_ipv6_destination_guard_detach_policy',
 'configure_ipv6_destination_guard_policy',
 'configure_ipv6_dhcp_client_vendor_class',
 'configure_ipv6_dhcp_guard_policy',
 'configure_ipv6_dhcp_relay',
 'configure_ipv6_enable',
 'configure_ipv6_mld_snooping',
 'configure_ipv6_mld_snooping_querier',
 'configure_ipv6_mld_snooping_querier_address',
 'configure_ipv6_mld_snooping_querier_version',
 'configure_ipv6_mld_snooping_vlan_querier_version',
 'configure_ipv6_mld_static_group',
 'configure_ipv6_mtu',
 'configure_ipv6_multicast_routing',
 'configure_ipv6_nd',
 'configure_ipv6_nd_suppress_policy',
 'configure_ipv6_object_group_network',
 'configure_ipv6_object_group_service',
 'configure_ipv6_ogacl',
 'configure_ipv6_ospf_bfd',
 'configure_ipv6_ospf_mtu_ignore',
 'configure_ipv6_ospf_routing_on_interface',
 'configure_ipv6_raguard_policy',
 'configure_ipv6_static_route',
 'configure_ipv6_subnet_to_sgt_mapping',
 'configure_ipv6_to_sgt_mapping',
 'configure_ipxe_forever',
 'configure_ipxe_timeout',
 'configure_isakmp_key',
 'configure_isakmp_policy',
 'configure_isis_network_entity',
 'configure_isis_with_router_name_network_entity',
 'configure_l2vpn_evpn',
 'configure_l2vpn_evpn_router_id',
 'configure_l2vpn_storm_control',
 'configure_l2vpn_vfi_context',
 'configure_l2vpn_vfi_context_vpls',
 'configure_lacp_on_interface',
 'configure_lacp_port_priority',
 'configure_lacp_ratefast',
 'configure_lacp_system_priority',
 'configure_layer2_vfi_autodiscovery',
 'configure_layer2_vfi_context',
 'configure_layer2_vfi_manual',
 'configure_ldp_discovery_targeted_hello_accept',
 'configure_ldra_interface',
 'configure_ldra_policy_vlan',
 'configure_ldra_remote_id',
 'configure_lineconsole_exectimeout',
 'configure_lldp',
 'configure_lldp_interface',
 'configure_local_span_destination',
 'configure_local_span_source',
 'configure_logging_buffer_size',
 'configure_logging_buffered_errors',
 'configure_logging_console',
 'configure_logging_console_errors',
 'configure_logging_monitor',
 'configure_mac_address_table_aging',
 'configure_masked_unmasked_credentials',
 'configure_masked_unmasked_enable_secret_password',
 'configure_maximum_path_under_ospf',
 'configure_maximum_prefix_to_bgp_neighbor',
 'configure_mdns',
 'configure_mdns_active_response_timer',
 'configure_mdns_boot_level_license',
 'configure_mdns_controller',
 'configure_mdns_controller_service_list',
 'configure_mdns_location_filter',
 'configure_mdns_location_group',
 'configure_mdns_on_interface_vlan',
 'configure_mdns_query_response_mode',
 'configure_mdns_sd_agent',
 'configure_mdns_sd_service_peer',
 'configure_mdns_service_definition',
 'configure_mdns_service_list',
 'configure_mdns_service_peer_group',
 'configure_mdns_service_policy',
 'configure_mdns_service_query_timer_periodicity',
 'configure_mdns_service_receiver_purge_timer',
 'configure_mdns_service_record_ttl',
 'configure_mdns_svi',
 'configure_mdns_trust',
 'configure_mdt_auto_discovery_mldp',
 'configure_mdt_data_mpls_mldp',
 'configure_mdt_data_threshold',
 'configure_mdt_data_vxlan',
 'configure_mdt_overlay_use_bgp',
 'configure_mdt_partitioned_mldp_p2mp',
 'configure_mdt_preference_under_vrf',
 'configure_mdt_strict_rpf_interface_vrf',
 'configure_mka_macsec',
 'configure_mka_policy',
 'configure_mka_policy_delay_protection',
 'configure_mode_to_eEdge',
 'configure_monitor_capture',
 'configure_mpls_label_mode',
 'configure_mpls_label_mode_all_vrfs_protocol',
 'configure_mpls_ldp_graceful_restart',
 'configure_mpls_ldp_nsr',
 'configure_mpls_mtu',
 'configure_mpls_pseudowire_xconnect_on_interface',
 'configure_mpls_static_binding',
 'configure_mpls_te_explicit_null',
 'configure_mpls_te_forwarding_adjacency',
 'configure_mpls_te_globally',
 'configure_mpls_te_on_interface',
 'configure_mpls_te_under_ospf',
 'configure_multicast_routing_mvpn_vrf',
 'configure_nat64_interface',
 'configure_nat64_prefix_stateful',
 'configure_nat64_translation_timeout',
 'configure_nat64_v4_list_pool',
 'configure_nat64_v4_list_pool_overload',
 'configure_nat64_v4_pool',
 'configure_nat64_v6v4_static',
 'configure_nat64_v6v4_static_protocol_port',
 'configure_nat_extended_acl',
 'configure_nat_in_out',
 'configure_nat_ipv6_acl',
 'configure_nat_overload_rule',
 'configure_nat_pool',
 'configure_nat_pool_overload_rule',
 'configure_nat_port_route_map_rule',
 'configure_nat_route_map',
 'configure_nat_translation_timeout',
 'configure_no_bgp_default',
 'configure_no_boot_manual',
 'configure_no_boot_system_switch_all',
 'configure_no_shut_bgp_neighbors',
 'configure_no_shut_ospf',
 'configure_ntp_iburst',
 'configure_ntp_master',
 'configure_ntp_server',
 'configure_nve_interface',
 'configure_ospf_area_type',
 'configure_ospf_bfd',
 'configure_ospf_cost',
 'configure_ospf_include_connected_in_bgp',
 'configure_ospf_internal_external_routes_into_bgp',
 'configure_ospf_max_metric_router_lsa_on_startup',
 'configure_ospf_message_digest_key',
 'configure_ospf_network_point',
 'configure_ospf_networks',
 'configure_ospf_nsf_ietf',
 'configure_ospf_passive_interface',
 'configure_ospf_redistributed_connected',
 'configure_ospf_redistributed_static',
 'configure_ospf_routing',
 'configure_ospf_routing_on_interface',
 'configure_ospf_vrf',
 'configure_ospfv3',
 'configure_ospfv3_network_point',
 'configure_pac_key',
 'configure_pbr_route_map',
 'configure_pki_authenticate',
 'configure_pki_authenticate_certificate',
 'configure_pki_enroll',
 'configure_pki_enroll_certificate',
 'configure_pki_export_pem',
 'configure_pki_trustpoint',
 'configure_platform_qos_port_channel_aggregate',
 'configure_platform_sudi_cmca3',
 'configure_policy_map',
 'configure_policy_map_on_device',
 'configure_port_channel_lacp_max_bundle',
 'configure_port_channel_mode',
 'configure_port_channel_standalone_disable',
 'configure_port_sgt',
 'configure_power_inline',
 'configure_pppoe_enable_interface',
 'configure_prefix_list_prefix_list',
 'configure_prefix_list_prefix_list_to_bgp_neighbor',
 'configure_private_vlan_on_vlan',
 'configure_pseudowire_encapsulation_mpls',
 'configure_ptp_8275_holdover_spec_duration',
 'configure_ptp_8275_local_priority',
 'configure_ptp_aes67_rates',
 'configure_ptp_domain',
 'configure_ptp_dscp_message',
 'configure_ptp_modes',
 'configure_ptp_priority',
 'configure_ptp_role_primary',
 'configure_ptp_transport_ipv4',
 'configure_pvlan_primary',
 'configure_pvlan_svi_mapping',
 'configure_pvlan_type',
 'configure_qos_policy',
 'configure_radius_attribute_6',
 'configure_radius_automate_tester',
 'configure_radius_group',
 'configure_radius_interface',
 'configure_radius_interface_vrf',
 'configure_radius_server',
 'configure_radius_server_dead_criteria',
 'configure_radius_server_deadtime',
 'configure_radius_server_group',
 'configure_redistribute_connected',
 'configure_replication_type_on_evi',
 'configure_rip',
 'configure_ripng',
 'configure_route_map',
 'configure_route_map_route_map',
 'configure_route_map_route_map_to_bgp_neighbor',
 'configure_route_map_under_interface',
 'configure_routing_ip_route',
 'configure_routing_ip_route_vrf',
 'configure_routing_ipv6_route',
 'configure_routing_ipv6_route_vrf',
 'configure_routing_static_route',
 'configure_routing_static_routev6',
 'configure_sampler',
 'configure_sap_pmk_on_cts',
 'configure_scale_igmp_groups_via_tftp',
 'configure_scale_ip_multicast_vrf_distribute_tftp',
 'configure_scale_service_reflection_via_tftp',
 'configure_scale_static_route_via_tftp',
 'configure_scale_subintfs_via_tftp',
 'configure_scale_vrf_via_tftp',
 'configure_scp_local_auth',
 'configure_sdm_prefer_custom_template',
 'configure_service_internal',
 'configure_service_password_encryption',
 'configure_service_private_config_encryption',
 'configure_service_template_linksec',
 'configure_service_template_voice',
 'configure_service_timestamps',
 'configure_shape_map',
 'configure_shut_bgp_neighbors',
 'configure_shut_ospf',
 'configure_sks_client',
 'configure_snmp',
 'configure_snmp_host_version',
 'configure_snmp_server_group',
 'configure_snmp_server_trap',
 'configure_snmp_server_user',
 'configure_snmp_server_view',
 'configure_span_monitor_session',
 'configure_spanning_tree',
 'configure_spanning_tree_mode',
 'configure_spanning_tree_priority',
 'configure_stack_mac_persistent_timer',
 'configure_stackwise_virtual_dual_active_interfaces',
 'configure_stackwise_virtual_dual_active_pagp',
 'configure_stackwise_virtual_interfaces',
 'configure_standard_access_list',
 'configure_static_arp',
 'configure_static_ip_pim_rp_address',
 'configure_static_ipv6_pim_rp_address',
 'configure_static_nat_network_rule',
 'configure_static_nat_outside_rule',
 'configure_static_nat_route_map_rule',
 'configure_static_nat_rule',
 'configure_subinterface',
 'configure_subinterfaces_for_vlan_range',
 'configure_svi',
 'configure_switch_provision',
 'configure_switchport_mode_trunk_snooping_trust',
 'configure_switchport_nonegotiate',
 'configure_switchport_trunk',
 'configure_switchport_trunk_allowed_vlan',
 'configure_switchport_trunk_native_vlan',
 'configure_switchport_trunk_vlan',
 'configure_switchport_trunk_vlan_with_speed_and_duplex',
 'configure_syslog_server',
 'configure_system_jumbomtu',
 'configure_table_map',
 'configure_tacacs_group',
 'configure_tacacs_server',
 'configure_te_tunnel',
 'configure_template',
 'configure_template_type_vpls',
 'configure_terminal_exec_prompt_timestamp',
 'configure_terminal_length',
 'configure_terminal_width',
 'configure_tftp_source_interface',
 'configure_traffic_eng_passive_interface',
 'configure_trustpoint',
 'configure_tunnel_auto_route',
 'configure_tunnel_bandwidth',
 'configure_tunnel_destination',
 'configure_tunnel_priority',
 'configure_udld',
 'configure_udld_alert_mode',
 'configure_umbrella_global_parameter_map',
 'configure_umbrella_in_out',
 'configure_umbrella_local_bypass',
 'configure_uplink_interface',
 'configure_username',
 'configure_username_aaa_attr_list',
 'configure_vfi',
 'configure_virtual_template',
 'configure_vlan_agent',
 'configure_vlan_shutdown',
 'configure_vlan_sp',
 'configure_vlan_to_sgt_mapping',
 'configure_vlan_vpls',
 'configure_vpdn_group',
 'configure_vpn_id_in_vrf',
 'configure_vrf_definition_family',
 'configure_vrf_definition_stitching',
 'configure_vrf_description',
 'configure_vrf_on_interface',
 'configure_vrf_rd_value',
 'configure_vrf_select_source',
 'configure_vtp_domain',
 'configure_vtp_mode',
 'configure_vtp_version',
 'configure_wired_radius_attribute',
 'configure_wired_radius_attribute_44',
 'convert_server_to_linux_device',
 'copy_config_from_tftp_to_media',
 'copy_file_from_tftp_ftp',
 'copy_file_to_running_config',
 'copy_from_device',
 'copy_issu_image_to_disk',
 'copy_pcap_file',
 'copy_running_config_to_flash_memory',
 'copy_running_config_to_tftp',
 'copy_startup_config_to_flash_memory',
 'copy_startup_config_to_tftp',
 'copy_to_device',
 'copy_to_server',
 'create_dhcp_pool',
 'create_dhcp_pool_ipv6',
 'create_dhcp_pool_withoutrouter',
 'create_dir_file_system',
 'create_ip_vrf',
 'crypto_key_export',
 'crypto_key_zeroize',
 'crypto_pki_import',
 'crypto_pki_server_request',
 'cts_refresh_environment_data',
 'cts_refresh_pac',
 'cts_refresh_policy',
 'debug_platform_memory_fed_backtrace',
 'debug_platform_memory_fed_callsite',
 'decrypt_tacacs_pcap',
 'default_interface',
 'delete_file_on_server',
 'delete_files',
 'delete_ip_vrf',
 'delete_local_file',
 'delete_monitor_capture',
 'delete_unprotected_files',
 'destroy_connection',
 'detach_dhcpv6_guard_policy_to_interface',
 'detach_dhcpv6_guard_policy_vlan',
 'detach_ipv6_dhcp_guard_policy',
 'detach_ipv6_nd_suppress_policy',
 'detach_ipv6_raguard_policy_to_interface',
 'detach_ipv6_raguard_policy_to_vlan',
 'device_tracking_attach_policy',
 'device_tracking_detach_policy',
 'device_tracking_unit_test',
 'diff_configuration',
 'disable_aaa_authentication_login',
 'disable_aaa_password_restriction',
 'disable_autostate_on_interface',
 'disable_bfd_on_ospf',
 'disable_cts_enforcement',
 'disable_cts_enforcement_vlan',
 'disable_debug',
 'disable_dhcp_ldra',
 'disable_dhcp_relay_information_option',
 'disable_dhcp_smart_relay',
 'disable_dhcp_snooping',
 'disable_dhcp_snooping_glean',
 'disable_dhcp_snooping_option_82',
 'disable_dhcp_snooping_vlan',
 'disable_dot1x_sysauthcontrol',
 'disable_et_analytics',
 'disable_iox',
 'disable_ip_dhcp_auto_broadcast',
 'disable_ip_routing',
 'disable_ipv6_address_dhcp',
 'disable_ipv6_dhcp_server',
 'disable_ipv6_multicast_routing',
 'disable_keepalive_on_interface',
 'disable_login_password_reuse_interval',
 'disable_service_internal',
 'disable_usb_ssd',
 'downgrade_issu_image_on_router',
 'dynamic_diff_create_running_config',
 'dynamic_diff_parameterized_running_config',
 'enable_aaa_authentication_login',
 'enable_aaa_password_restriction',
 'enable_autoconf',
 'enable_bfd_on_ospf',
 'enable_bfd_static_route',
 'enable_bgp_forwarding',
 'enable_cts_enforcement',
 'enable_cts_enforcement_vlan',
 'enable_debug',
 'enable_dhcp_ldra',
 'enable_dhcp_relay_information_option',
 'enable_dhcp_smart_relay',
 'enable_dhcp_snooping',
 'enable_dhcp_snooping_glean',
 'enable_dhcp_snooping_option_82',
 'enable_dhcp_snooping_vlan',
 'enable_dot1x_sysauthcontrol',
 'enable_et_analytics',
 'enable_http_server',
 'enable_iox',
 'enable_ip_dhcp_auto_broadcast',
 'enable_ip_dhcp_snooping_trust',
 'enable_ip_routing',
 'enable_ipv6_address_dhcp',
 'enable_ipv6_dhcp_server',
 'enable_ipv6_eigrp_router',
 'enable_ipv6_multicast_routing',
 'enable_ipv6_unicast_routing',
 'enable_login_password_reuse_interval',
 'enable_multicast_advertise_on_evi',
 'enable_radius_automate_tester_probe_on',
 'enable_routing_debug_static_route',
 'enable_service_internal',
 'enable_switchport_trunk_on_interface',
 'enable_usb_ssd',
 'escape_ansi',
 'exclude_ip_dhcp',
 'execute',
 'execute_and_parse_json',
 'execute_ap_tx_power_commands',
 'execute_card_OIR',
 'execute_card_OIR_insert',
 'execute_card_OIR_remove',
 'execute_clear_dns_statistics',
 'execute_clear_install_label',
 'execute_clear_install_state',
 'execute_clear_ipdhcp_snooping_database_statistics',
 'execute_clear_line',
 'execute_clear_logging',
 'execute_clear_nat64_statistics',
 'execute_clear_nat64_statistics_failure',
 'execute_clear_nat64_statistics_global',
 'execute_clear_nat64_statistics_interface',
 'execute_clear_nat64_statistics_pool',
 'execute_clear_nat64_statistics_prefix_stateful',
 'execute_clear_nat64_translations_all',
 'execute_clear_nat64_translations_protocol',
 'execute_clear_nat_translation',
 'execute_clear_parser_statistics',
 'execute_clear_platform_hardware_fed_active_qos_statistics_interface',
 'execute_clear_platform_software_fed_active_acl_counters_hardware',
 'execute_clear_platform_software_fed_active_cpu_interface',
 'execute_clear_platform_software_fed_switch_acl_counters_hardware',
 'execute_clear_platform_software_fed_switch_active_cpu_interface',
 'execute_clear_platform_software_fed_switch_mode_acl_stats',
 'execute_copy_run_to_start',
 'execute_copy_to_running_config',
 'execute_copy_to_startup_config',
 'execute_create_rollback_description',
 'execute_create_rollback_label',
 'execute_delete_boot_variable',
 'execute_diagnostic_start_module_test',
 'execute_diagnostic_start_switch_module_test',
 'execute_erase_ap',
 'execute_format',
 'execute_install_abort',
 'execute_install_activate',
 'execute_install_add',
 'execute_install_auto_abort_timer_stop',
 'execute_install_commit',
 'execute_install_deactivate',
 'execute_install_one_shot',
 'execute_install_package',
 'execute_install_remove',
 'execute_install_remove_version',
 'execute_install_rollback',
 'execute_issu_install_package',
 'execute_power_cycle_device',
 'execute_power_off_device',
 'execute_power_on_device',
 'execute_prime_ap',
 'execute_redundancy_reload',
 'execute_reload',
 'execute_self_signed_certificate_command',
 'execute_set_boot_variable',
 'execute_set_config_register',
 'execute_switch_card_OIR',
 'execute_switch_renumber',
 'execute_test_crash',
 'execute_test_idprom_fake_insert',
 'execute_test_idprom_fake_remove',
 'execute_test_ngdns_lookup',
 'execute_udld_tx_drop',
 'execute_uninstall_package',
 'execute_write_erase',
 'execute_write_memory',
 'export_packet_capture',
 'force_unconfigure_static_nat_route_map_rule',
 'fp_switchover',
 'free_up_disk_space',
 'generate_crypto_key',
 'get_RIPng_routes',
 'get_aaa_member',
 'get_acl_hit_counts',
 'get_ap_country',
 'get_ap_ip',
 'get_ap_mode',
 'get_ap_model',
 'get_ap_state',
 'get_archive_config_differences',
 'get_archive_config_incremental_diffs',
 'get_arp_interface_mac_from_ip',
 'get_arp_table_count',
 'get_assignment_mode',
 'get_auth_session',
 'get_authentication_config_mode',
 'get_available_space',
 'get_bgp_advertised_route_count',
 'get_bgp_best_routes',
 'get_bgp_current_as_path',
 'get_bgp_external_internal_neighbor_count',
 'get_bgp_id',
 'get_bgp_last_reset_list',
 'get_bgp_mpls_labels',
 'get_bgp_mvpn_route_count',
 'get_bgp_neighbor_capabilities',
 'get_bgp_neighbor_session_state',
 'get_bgp_neighbors',
 'get_bgp_neighbors_advertised',
 'get_bgp_neighbors_advertised_routes',
 'get_bgp_neighbors_from_running_config',
 'get_bgp_neighbors_in_state',
 'get_bgp_neighbors_not_in_state',
 'get_bgp_networks_from_neighbor',
 'get_bgp_route_ext_community',
 'get_bgp_route_from_neighbors',
 'get_bgp_routes',
 'get_bgp_routes_list',
 'get_bgp_routing_table',
 'get_bgp_rt2_community_label',
 'get_bgp_rt5_community_paths_label',
 'get_bgp_running_config',
 'get_bgp_session_count',
 'get_bgp_state_pfx_rcd',
 'get_bgp_status_codes_from_neighbor',
 'get_bgp_summary',
 'get_bool',
 'get_boot_variables',
 'get_bridge_domain_bridge_domain_interfaces',
 'get_bridge_domain_bridge_domain_mac_count',
 'get_bundled_interface',
 'get_cdp_neighbors_info',
 'get_cef_internal_primary_interface',
 'get_cef_internal_primary_next_hop_ip_address',
 'get_cef_internal_repair_interface',
 'get_cef_internal_repair_next_hop_ip_address',
 'get_cef_next_hop_ip_address',
 'get_cef_registred_label_to_prefix',
 'get_cef_repair_path_of_route',
 'get_chassis_sn',
 'get_chassis_type',
 'get_component_descr',
 'get_component_details',
 'get_config_commands_from_running_config',
 'get_config_dict',
 'get_config_from_file',
 'get_config_register',
 'get_configured_bgp_peers',
 'get_connected_alias',
 'get_connection',
 'get_controller_name',
 'get_cpu_processes_details_include_with_specific_process',
 'get_current_system_datetime',
 'get_delta_time_from_outputs',
 'get_device_connections_info',
 'get_device_tracking_counters_vlan_faults',
 'get_device_tracking_counters_vlan_message_type',
 'get_device_tracking_database_details_binding_table_configurations',
 'get_device_tracking_database_details_binding_table_count',
 'get_device_tracking_policy_name_configurations',
 'get_device_uptime',
 'get_devices',
 'get_dhcpv4_binding_address_list',
 'get_dhcpv4_server_bindings',
 'get_dhcpv4_server_stats',
 'get_dhcpv6_binding_address_list',
 'get_dhcpv6_server_bindings',
 'get_dhcpv6_server_stats',
 'get_dict_items',
 'get_diffs_platform',
 'get_fabric_ap_state',
 'get_file_size',
 'get_file_size_from_server',
 'get_fips_authorization_key',
 'get_firmware_version',
 'get_flows_src_dst_address_pairs',
 'get_grant_certificate',
 'get_grant_id_pki_server',
 'get_hardware_all_fans_speed',
 'get_hardware_esp_slot',
 'get_hardware_inserted_sfp',
 'get_hardware_interface_sfp_descr',
 'get_hardware_rp_slot',
 'get_hardware_sfp_slot_dict',
 'get_hardware_slot_state',
 'get_hardware_version',
 'get_inserted_interface_by_media_type',
 'get_install_version',
 'get_installation_mode',
 'get_interface_address_mask_running_config',
 'get_interface_admin_status',
 'get_interface_attr_from_yaml',
 'get_interface_carrier_delay',
 'get_interface_connected_adjacent_router_interfaces',
 'get_interface_counter',
 'get_interface_description',
 'get_interface_from_yaml',
 'get_interface_ifindex',
 'get_interface_information',
 'get_interface_interfaces',
 'get_interface_interfaces_ldp_enabled',
 'get_interface_interfaces_under_vrf',
 'get_interface_ip_address',
 'get_interface_ip_and_mask',
 'get_interface_ipv4_address',
 'get_interface_last_state_timestamp',
 'get_interface_loopback_ip_address',
 'get_interface_mac_address',
 'get_interface_mtu_config_range',
 'get_interface_mtu_size',
 'get_interface_names',
 'get_interface_netmask',
 'get_interface_oper_yang_status',
 'get_interface_packet_counter',
 'get_interface_packet_input_rate',
 'get_interface_packet_output_rate',
 'get_interface_port_channel_members',
 'get_interface_qlimit_bytes',
 'get_interface_running_config',
 'get_interface_switchport_access_vlan',
 'get_interface_type',
 'get_interface_type_from_yaml',
 'get_interface_with_mask',
 'get_interface_with_up_state',
 'get_interface_without_service_policy',
 'get_interfaces',
 'get_interfaces_status',
 'get_ip_address',
 'get_ip_bgp_neighbors',
 'get_ip_bgp_route',
 'get_ip_bgp_route_nexthop_color',
 'get_ip_bgp_summary',
 'get_ip_mfib_hw_pkts_per_sec',
 'get_ip_packet_scapy',
 'get_ip_prefer_mode',
 'get_ip_theft_syslogs',
 'get_ipv6_connected_routes',
 'get_ipv6_interface_ip_address',
 'get_ipv6_interface_ip_and_mask',
 'get_ipv6_interface_link_local_address',
 'get_ipv6_intf_autocfg_address',
 'get_ipv6_intf_tentative_address',
 'get_ipv6_intf_valid_ip_addresses',
 'get_ipv6_linklocal_addr_from_ipv4',
 'get_ipv6_local_routes',
 'get_ipv6_nd_raguard_policy_configurations',
 'get_ipv6_ospf_neighbor_address_in_state',
 'get_ipv6_routes',
 'get_ipv6_source_guard_policy_configurations',
 'get_ipv6_static_routes',
 'get_issu_free_space_on_disk',
 'get_issu_space_info_on_disk',
 'get_jinja_template',
 'get_l2route_mac_route_flags',
 'get_l2vpn_interface_under_service_instance',
 'get_l2vpn_storm_control_discard_packet_count',
 'get_lacp_intf_count',
 'get_lacp_intf_list',
 'get_lacp_member',
 'get_lacp_sys_id',
 'get_lisp_session_state',
 'get_list_items',
 'get_list_length',
 'get_lldp_neighbors_info',
 'get_local_ip',
 'get_logging_logs',
 'get_longest_server_address',
 'get_mac_aging_timer',
 'get_mac_table',
 'get_mac_table_from_address_family',
 'get_matching_line_platform_software',
 'get_matching_line_processes_platform',
 'get_md5_hash_of_file',
 'get_mgmt_interface',
 'get_mgmt_ip',
 'get_mgmt_ip_and_mgmt_src_ip_addresses',
 'get_mgmt_src_ip_addresses',
 'get_mpls_forwarding_table_key_value_pairs',
 'get_mpls_interface_ldp_configured',
 'get_mpls_label_stack',
 'get_mpls_ldp_peer_state',
 'get_mpls_ldp_session_count',
 'get_mpls_outgoing_label',
 'get_neighbor_address',
 'get_neighbor_count',
 'get_neighbor_interface_and_device',
 'get_neighbor_interface_and_device_by_link',
 'get_neighboring_device_interface',
 'get_next_hops',
 'get_ntp_md5_peer',
 'get_ntp_outgoing_interface',
 'get_ntp_packet',
 'get_ntp_servers',
 'get_ntp_source_interface_ip',
 'get_ntp_system_peer',
 'get_ntp_system_peer_vrf',
 'get_number_of_interfaces',
 'get_operation_state',
 'get_ospf_area_of_interface',
 'get_ospf_global_block_range',
 'get_ospf_interface_affinity_bits',
 'get_ospf_interfaces',
 'get_ospf_local_block_range',
 'get_ospf_neighbor_address_in_state',
 'get_ospf_neighbors',
 'get_ospf_neighbors_in_state',
 'get_ospf_neighbors_not_in_state',
 'get_ospf_neighbors_using_interface',
 'get_ospf_process_id_and_area',
 'get_ospf_process_id_on_interface',
 'get_ospf_process_number',
 'get_ospf_router_id',
 'get_ospf_router_self_originate_metric',
 'get_ospf_segment_routing_gb_srgb_base_and_range',
 'get_ospf_segment_routing_lb_srlb_base_and_range',
 'get_ospf_session_count',
 'get_ospf_sr_adj_sid_and_neighbor_address',
 'get_packet_attributes_scapy',
 'get_packet_info_field',
 'get_packet_ip_tos_field',
 'get_pki_trustpoint_state',
 'get_platform_core',
 'get_platform_cpu_load',
 'get_platform_cpu_load_detail',
 'get_platform_default_dir',
 'get_platform_logging',
 'get_platform_memory_usage',
 'get_platform_memory_usage_detail',
 'get_platform_model_number',
 'get_platform_software_dict',
 'get_platform_standby_rp',
 'get_platform_type',
 'get_policy_map_class_maps',
 'get_policy_map_configurational_policy_map',
 'get_policy_map_operational_policy_map_on_interface',
 'get_policy_map_policy_map_ip_precedence',
 'get_policy_map_policy_map_packet_count',
 'get_policy_map_running_policy_map',
 'get_power_cyclers',
 'get_processes_five_seconds_cpu_usage',
 'get_processes_platform_dict',
 'get_protocols_bgp_process',
 'get_radius_packets',
 'get_redundancy_operational_state',
 'get_rloc_ip',
 'get_route_metric',
 'get_router_ospf_section_running_config',
 'get_router_ospf_section_startup_config',
 'get_routes',
 'get_routes_from_parsed',
 'get_routing_ipv6_routes',
 'get_routing_mpls_label',
 'get_routing_ospf_routes',
 'get_routing_outgoing_interface',
 'get_routing_repair_path_information',
 'get_routing_route_count',
 'get_routing_route_count_all_vrf',
 'get_routing_route_source_protocol',
 'get_routing_routes',
 'get_routing_vrf_entries',
 'get_run_configuration',
 'get_running_config',
 'get_running_config_all',
 'get_running_config_dict',
 'get_running_config_hostname',
 'get_running_config_section',
 'get_running_config_section_attr44',
 'get_running_config_section_dict',
 'get_running_image',
 'get_segment_routing_accumulated_path_metric',
 'get_segment_routing_gb_range',
 'get_segment_routing_labels_from_bgp',
 'get_segment_routing_lb_range',
 'get_segment_routing_policy_active_path_hop_labels',
 'get_segment_routing_policy_in_state',
 'get_segment_routing_sid_map_configuration',
 'get_show_derived_interface_dict',
 'get_show_output_include',
 'get_show_output_line_count',
 'get_show_output_section',
 'get_show_run_bgp_dict',
 'get_show_tech',
 'get_single_interface',
 'get_slice_id_of_interface',
 'get_slot_model',
 'get_snmp_cli_dict',
 'get_snmp_dict',
 'get_snmp_id_slot_map',
 'get_snmp_snmpwalk',
 'get_software_version',
 'get_stack_size',
 'get_startup_config_dict',
 'get_startup_configuration',
 'get_static_routing_ipv6_routes',
 'get_static_routing_routes',
 'get_status_for_rollback_replacing_in_flash',
 'get_structure_output',
 'get_switch_qos_queue_config_on_interface',
 'get_switch_state',
 'get_syslog_first_bgp_down_message',
 'get_syslog_first_bgp_up_message',
 'get_syslog_first_ospf_down_message',
 'get_syslog_first_ospf_up_message',
 'get_syslog_last_bgp_down_message',
 'get_syslog_last_bgp_up_message',
 'get_syslog_last_ospf_down_message',
 'get_syslog_last_ospf_up_message',
 'get_syslog_maximum_bgp_down_time',
 'get_syslog_maximum_ospf_down_time',
 'get_syslog_message_time',
 'get_testcase_name',
 'get_time_source_from_output',
 'get_tolerance_min_max',
 'get_total_asics_cores',
 'get_total_cdp_entries_displayed',
 'get_total_space',
 'get_traceroute_mpls_label_to_prefix',
 'get_traceroute_parsed_output',
 'get_traffic_rates',
 'get_trunk_interfaces_encapsulation',
 'get_tx_power',
 'get_unconfig_line',
 'get_unused_channel',
 'get_unused_loopback_interface',
 'get_username_password',
 'get_valid_config_from_running_config',
 'get_vlan_info',
 'get_vrf_interface',
 'get_vrf_route_distinguisher',
 'get_vrf_route_targets',
 'get_vrf_vrfs',
 'get_wireless_management_trustpoint_name',
 'get_yaml_device_interface',
 'hardware_qfp_active_ipsec_data_drop_clear',
 'hardware_qfp_active_statistics_drop_clear',
 'has_configuration',
 'health_core',
 'health_cpu',
 'health_logging',
 'health_memory',
 'hw_module_beacon_slot_on_off',
 'install_remove_version',
 'int_to_mask',
 'interface_counter_check',
 'ipv6_build_linklocal',
 'ipv6_build_part_linklocal',
 'ipv6_nd_raguard_attach_policy',
 'ipv6_nd_raguard_detach_policy',
 'ipv6_shorten_address',
 'ipv6_source_guard_attach_policy',
 'ipv6_source_guard_detach_policy',
 'is_bgp_import_path_selection',
 'is_bgp_neighbors_enabled',
 'is_bgp_neighbors_established',
 'is_bgp_neighbors_shutdown',
 'is_bgp_neighbors_state',
 'is_connected_via_vty',
 'is_eem_applet_configured',
 'is_interface_changed_state_log',
 'is_interface_igp_sync_mpls_enabled',
 'is_interface_igp_sync_ospf_enabled',
 'is_interface_present_running_config',
 'is_interface_traffic_flowing_at_rate',
 'is_issu_in_state',
 'is_issu_rollback_timer_in_state',
 'is_issu_terminal_state_reached_on_slot',
 'is_l2vpn_storm_control_packet_count_increased',
 'is_logging_bfd_down_logged',
 'is_logging_ospf_neighbor_down_logged',
 'is_logging_static_route_down_logged',
 'is_logging_string_matching_regex_logged',
 'is_mpls_ldp_neighbor_in_state',
 'is_ntp_clock_synchronized',
 'is_ospf_neighbor_established_on_interface',
 'is_ospf_neighbor_state_changed_log',
 'is_ospf_shutdown',
 'is_ospf_tilfa_enabled_in_sr',
 'is_platform_slot_in_state',
 'is_redundancy_state_in_state',
 'is_route_in_bgp_table',
 'is_router_bgp_configured_with_four_octet',
 'is_routing_repair_path_in_cef',
 'is_routing_repair_path_in_route_database',
 'is_routing_route_targets_present',
 'is_snmp_message_received',
 'is_syslog_message_received',
 'is_type_10_opaque_area_link_states_originated',
 'is_version_image_installed',
 'issu_acceptversion',
 'issu_commitversion',
 'issu_loadversion',
 'issu_runversion',
 'l2vpn_xconnect_context',
 'load_dict_from_json_file',
 'load_jinja',
 'load_jinja_template',
 'mask_to_int',
 'modify_filename',
 'netmask_to_bits',
 'number_to_string',
 'parse_tacacs_packet',
 'perform_issu',
 'perform_ssh',
 'perform_telnet',
 'ping',
 'ping_interface_success_rate',
 'platform_software_fed_fnf_sw_stats_clear',
 'poe_enabled_p4',
 'poe_p3',
 'prepare_issu',
 'print_header',
 'question_mark',
 'question_mark_retrieve',
 'reconnect_device',
 'reconnect_device_with_new_credentials',
 'redistribute_bgp_metric_type_under_ospf',
 'redistribute_bgp_under_ospf',
 'redistribute_eigrp_under_ospf',
 'redistribute_route_map_under_ospf',
 'reload_issu_slot',
 'remove_acl_from_interface',
 'remove_all_span',
 'remove_arp_timeout',
 'remove_bgp_configuration',
 'remove_channel_group_from_interface',
 'remove_default_ipv4_sgacl',
 'remove_device_tracking_policy',
 'remove_dhcp_pool',
 'remove_dhcp_pool_ipv6',
 'remove_dhcp_snooping_binding',
 'remove_dhcpv6_guard_policy',
 'remove_disable_dhcp_ldra',
 'remove_eem_applet',
 'remove_enable_dhcp_ldra',
 'remove_explicit_path',
 'remove_interface_carrier_delay',
 'remove_interface_configured_service_policy',
 'remove_interface_ip',
 'remove_interface_negotiation',
 'remove_interface_ospf_bfd',
 'remove_ipv6_dhcp_guard_policy',
 'remove_ipv6_nd_suppress_policy',
 'remove_ipv6_raguard_policy',
 'remove_ipv6_source_guard_policy',
 'remove_isis_configuration',
 'remove_l2vpn_xconnect_context',
 'remove_ldra_interface',
 'remove_ldra_policy_vlan',
 'remove_ldra_remote_id',
 'remove_missing_comp',
 'remove_mpls_lable_protocol_from_device',
 'remove_mpls_ldp_explicit_from_device',
 'remove_mpls_ldp_from_device',
 'remove_mpls_ldp_from_interface',
 'remove_mpls_ldp_router_id_from_device',
 'remove_ntp_master',
 'remove_ntp_server',
 'remove_ntp_system_peer',
 'remove_ospf_max_metric_configuration',
 'remove_ospf_passive_interface',
 'remove_port_channel_interface',
 'remove_routing_ip_route',
 'remove_running_config',
 'remove_static_ipv4_sgacl',
 'remove_subscriber',
 'remove_tacacs_server',
 'remove_vfi_context',
 'remove_virtual_interface',
 'rename_dir_file_system',
 'repeat_command_save_output',
 'reset_interface',
 'restore_running_config',
 'save_dict_to_json_file',
 'save_info_to_file',
 'save_running_config',
 'save_running_config_configuration',
 'scale_accesslist_config',
 'scp',
 'search_running_config',
 'send_email',
 'set_clock',
 'set_clock_calendar',
 'set_filter_packet_capture_inject',
 'set_system_mtu',
 'set_traffic_transmit_rate',
 'shut_interface',
 'shut_interface_adjacent_interfaces',
 'shutdown_interface',
 'slugify',
 'source_configured_template',
 'stack_ports_enable_disable',
 'start_monitor_capture',
 'start_packet_capture',
 'start_packet_capture_inject',
 'stop_packet_capture',
 'stop_packet_capture_inject',
 'string_to_number',
 'tabber',
 'tftp_config',
 'time_to_int',
 'tokens',
 'transceiver',
 'transceiver_info',
 'transceiver_interval',
 'transceiver_interval_intf',
 'transceiver_intf_components',
 'transceiver_power_intf',
 'tunnel_range_shut_unshut',
 'unconfgiure_port_channel_min_link',
 'unconfig_device_tracking_policy',
 'unconfig_disable_ipv6_routing',
 'unconfig_extended_acl',
 'unconfig_extended_acl_with_evaluate',
 'unconfig_extended_acl_with_reflect',
 'unconfig_flow_exporter',
 'unconfig_interface_isis',
 'unconfig_interface_isis_router_name',
 'unconfig_interface_mtu',
 'unconfig_interface_ospfv3',
 'unconfig_interface_ripng',
 'unconfig_ip_on_vlan',
 'unconfig_ip_tcp_mss',
 'unconfig_ipv6_nd_raguard_policy',
 'unconfig_ipv6_source_guard_policy',
 'unconfig_mac_aging_time',
 'unconfig_mac_learning',
 'unconfig_macsec_keychain_on_device',
 'unconfig_macsec_network_link_on_interface',
 'unconfig_macsec_should_secure',
 'unconfig_mdns_sd_service_peer',
 'unconfig_mka_policy',
 'unconfig_mka_policy_xpn',
 'unconfig_pseudowire_class',
 'unconfig_qos_rewrite_dscp',
 'unconfig_refacl_global_timeout',
 'unconfig_standard_acl_for_ip_pim',
 'unconfig_vlan',
 'unconfig_vlan_range',
 'unconfig_vlan_tag_native',
 'unconfig_xconnect_on_interface',
 'unconfigure_400g_mode_for_port_group',
 'unconfigure_400g_mode_port_group_range',
 'unconfigure_aaa_accounting_commands',
 'unconfigure_aaa_attr_list',
 'unconfigure_aaa_auth_cred_download',
 'unconfigure_aaa_auth_proxy',
 'unconfigure_aaa_authentication_enable',
 'unconfigure_aaa_authorization_commands',
 'unconfigure_aaa_default_dot1x_methods',
 'unconfigure_aaa_local_auth',
 'unconfigure_aaa_login_method_none',
 'unconfigure_aaa_new_model',
 'unconfigure_aaa_session_id',
 'unconfigure_access_session_monitor',
 'unconfigure_access_session_sticky',
 'unconfigure_ace',
 'unconfigure_acl',
 'unconfigure_active_timer_under_et_analytics',
 'unconfigure_any_radius_server',
 'unconfigure_archive_logging',
 'unconfigure_auth_method',
 'unconfigure_authentication_host_mode',
 'unconfigure_authentication_order',
 'unconfigure_authentication_periodic',
 'unconfigure_authentication_port_control',
 'unconfigure_authentication_priority',
 'unconfigure_authentication_timer_reauth',
 'unconfigure_auto_qos',
 'unconfigure_auto_qos_global',
 'unconfigure_bandwidth_remaining_policy_map',
 'unconfigure_bba_group',
 'unconfigure_bfd_neighbor_on_interface',
 'unconfigure_bfd_on_interface',
 'unconfigure_bgp_neighbor_activate',
 'unconfigure_bgp_neighbor_remote_as',
 'unconfigure_bgp_neighbor_send_community',
 'unconfigure_broadband_aaa',
 'unconfigure_call_admission',
 'unconfigure_cdp',
 'unconfigure_cdp_interface',
 'unconfigure_cdp_neighbors',
 'unconfigure_class_map',
 'unconfigure_class_map_subscriber',
 'unconfigure_coa',
 'unconfigure_common_criteria_policy',
 'unconfigure_controller_policy_service_export',
 'unconfigure_controller_service_policy_service_export',
 'unconfigure_crypto_ikev2_NAT_keepalive',
 'unconfigure_crypto_ikev2_keyring',
 'unconfigure_crypto_ikev2_policy',
 'unconfigure_crypto_ikev2_proposal',
 'unconfigure_crypto_ipsec_nat_transparency',
 'unconfigure_crypto_key',
 'unconfigure_crypto_map_for_gdoi',
 'unconfigure_crypto_map_on_interface',
 'unconfigure_crypto_pki_server',
 'unconfigure_crypto_transform_set',
 'unconfigure_cts_authorization_list',
 'unconfigure_cts_enforcement_interface',
 'unconfigure_cts_manual',
 'unconfigure_cts_role_based_monitor',
 'unconfigure_cts_role_based_permission',
 'unconfigure_cts_role_based_permission_default',
 'unconfigure_debug_snmp_packets',
 'unconfigure_device_tracking_binding',
 'unconfigure_device_tracking_binding_options',
 'unconfigure_dhcp_relay_information',
 'unconfigure_dhcp_relay_short_lease',
 'unconfigure_diagonistics_monitor_switch',
 'unconfigure_disable_sci_dot1q_clear',
 'unconfigure_dot1x_cred_int',
 'unconfigure_dot1x_cred_profile',
 'unconfigure_dot1x_pae',
 'unconfigure_dot1x_supplicant',
 'unconfigure_dot1x_system_auth_control',
 'unconfigure_dynamic_nat_interface_overload_route_map_rule',
 'unconfigure_dynamic_nat_outside_rule',
 'unconfigure_dynamic_nat_pool_overload_route_map_rule',
 'unconfigure_dynamic_nat_route_map_rule',
 'unconfigure_dynamic_nat_rule',
 'unconfigure_eap_profile',
 'unconfigure_eap_profile_md5',
 'unconfigure_eapol_dest_address_interface',
 'unconfigure_eapol_eth_type_interface',
 'unconfigure_eigrp_named_router',
 'unconfigure_eigrp_router',
 'unconfigure_enable_password',
 'unconfigure_enable_policy_password',
 'unconfigure_errdisable',
 'unconfigure_ethernet_vlan_unlimited',
 'unconfigure_evpn_default_gateway_advertise_global',
 'unconfigure_evpn_evi_replication_type',
 'unconfigure_evpn_instance_encapsulation_type',
 'unconfigure_evpn_instance_vlan_based',
 'unconfigure_evpn_l2_instance_vlan_association',
 'unconfigure_evpn_l3_instance_vlan_association',
 'unconfigure_evpn_replication_type',
 'unconfigure_fips_authorization_key',
 'unconfigure_flow_exporter_monitor_record',
 'unconfigure_flow_monitor',
 'unconfigure_flow_monitor_vlan_configuration',
 'unconfigure_flow_record',
 'unconfigure_fnf_monitor_datalink_interface',
 'unconfigure_fnf_monitor_on_interface',
 'unconfigure_gdoi_group',
 'unconfigure_gdoi_group_on_gm',
 'unconfigure_global_dual_active_recovery_reload_disable',
 'unconfigure_global_stackwise_virtual',
 'unconfigure_host_ip_to_sgt_mapping',
 'unconfigure_hw_module_breakout',
 'unconfigure_hw_module_slot_shutdown',
 'unconfigure_igmp_version',
 'unconfigure_ikev2_authorization_policy',
 'unconfigure_ikev2_cac',
 'unconfigure_ikev2_dpd',
 'unconfigure_ikev2_fragmentation',
 'unconfigure_ikev2_keyring',
 'unconfigure_ikev2_policy',
 'unconfigure_ikev2_profile',
 'unconfigure_ikev2_profile_pre_share',
 'unconfigure_ikev2_proposal',
 'unconfigure_interface_channel_group_auto_lacp',
 'unconfigure_interface_description',
 'unconfigure_interface_eigrp_v6',
 'unconfigure_interface_for_dot1x',
 'unconfigure_interface_for_mab',
 'unconfigure_interface_mac_address',
 'unconfigure_interface_monitor_session',
 'unconfigure_interface_pim',
 'unconfigure_interface_reg_segment',
 'unconfigure_interface_reg_segment_timer',
 'unconfigure_interface_storm_control_action',
 'unconfigure_interface_storm_control_level',
 'unconfigure_interface_switchport_access_vlan',
 'unconfigure_interface_template',
 'unconfigure_interface_tunnel_key',
 'unconfigure_interface_vtp',
 'unconfigure_interfaces_on_port_channel',
 'unconfigure_ip_arp_inspection_validateip',
 'unconfigure_ip_arp_inspection_vlan',
 'unconfigure_ip_dhcp_client_vendor_class',
 'unconfigure_ip_dhcp_snooping',
 'unconfigure_ip_dhcp_snooping_database',
 'unconfigure_ip_dhcp_snooping_information_option_allow_untrusted',
 'unconfigure_ip_dhcp_snooping_verify',
 'unconfigure_ip_domain_lookup',
 'unconfigure_ip_igmp_snooping',
 'unconfigure_ip_igmp_snooping_querier',
 'unconfigure_ip_igmp_snooping_vlan_querier',
 'unconfigure_ip_igmp_snooping_vlan_query_version',
 'unconfigure_ip_mtu',
 'unconfigure_ip_multicast_routing',
 'unconfigure_ip_multicast_vrf_routing',
 'unconfigure_ip_name_server',
 'unconfigure_ip_ospf_mtu_ignore',
 'unconfigure_ip_pim_vrf_ssm_default',
 'unconfigure_ip_prefix_list',
 'unconfigure_ip_role_based_acl',
 'unconfigure_ip_subnet_to_sgt_mapping_vrf',
 'unconfigure_ip_to_sgt_mapping_vrf',
 'unconfigure_ip_vrf_forwarding_interface',
 'unconfigure_ipsec_df_bit',
 'unconfigure_ipsec_fragmentation',
 'unconfigure_ipsec_profile',
 'unconfigure_ipsec_sa_global',
 'unconfigure_ipv4_dhcp_relay_helper_vrf',
 'unconfigure_ipv4_subnet_to_sgt_mapping',
 'unconfigure_ipv4_to_sgt_mapping',
 'unconfigure_ipv6_acl',
 'unconfigure_ipv6_acl_ace',
 'unconfigure_ipv6_acl_on_interface',
 'unconfigure_ipv6_destination_guard_policy',
 'unconfigure_ipv6_dhcp_client_vendor_class',
 'unconfigure_ipv6_dhcp_guard_policy',
 'unconfigure_ipv6_eigrp_router',
 'unconfigure_ipv6_enable',
 'unconfigure_ipv6_mld_snooping',
 'unconfigure_ipv6_mld_snooping_querier',
 'unconfigure_ipv6_mld_snooping_querier_address',
 'unconfigure_ipv6_mld_snooping_querier_version',
 'unconfigure_ipv6_mld_snooping_vlan_querier_version',
 'unconfigure_ipv6_mtu',
 'unconfigure_ipv6_multicast_routing',
 'unconfigure_ipv6_nd_suppress_policy',
 'unconfigure_ipv6_object_group_network',
 'unconfigure_ipv6_object_group_network_entry',
 'unconfigure_ipv6_object_group_service',
 'unconfigure_ipv6_object_group_service_entry',
 'unconfigure_ipv6_ogacl_ace',
 'unconfigure_ipv6_ospf_bfd',
 'unconfigure_ipv6_ospf_mtu_ignore',
 'unconfigure_ipv6_ospf_routing_on_interface',
 'unconfigure_ipv6_static_route',
 'unconfigure_ipv6_subnet_to_sgt_mapping',
 'unconfigure_ipv6_to_sgt_mapping',
 'unconfigure_ipv6_unicast_routing',
 'unconfigure_isakmp_key',
 'unconfigure_isakmp_policy',
 'unconfigure_isis_with_router_name',
 'unconfigure_l2vpn_evpn',
 'unconfigure_l2vpn_evpn_router_id',
 'unconfigure_l2vpn_vfi_context_vpls',
 'unconfigure_lacp_port_priority',
 'unconfigure_lacp_ratefast',
 'unconfigure_lacp_system_priority',
 'unconfigure_layer2_vfi_autodiscovery',
 'unconfigure_layer2_vfi_manual',
 'unconfigure_ldp_discovery_targeted_hello_accept',
 'unconfigure_lldp',
 'unconfigure_lldp_interface',
 'unconfigure_logging_buffered_errors',
 'unconfigure_logging_console',
 'unconfigure_logging_console_errors',
 'unconfigure_logging_monitor',
 'unconfigure_match_service_type_mdns_controller_service_list',
 'unconfigure_match_service_type_mdns_service_list',
 'unconfigure_mdns_active_response_timer',
 'unconfigure_mdns_config',
 'unconfigure_mdns_controller',
 'unconfigure_mdns_gateway_globally',
 'unconfigure_mdns_location_filter',
 'unconfigure_mdns_location_group',
 'unconfigure_mdns_on_interface_vlan',
 'unconfigure_mdns_service_definition',
 'unconfigure_mdns_service_policy',
 'unconfigure_mdns_service_policy_vlan',
 'unconfigure_mdns_svi',
 'unconfigure_mdns_trust',
 'unconfigure_mdns_vlan',
 'unconfigure_mdt_auto_discovery_mldp',
 'unconfigure_mdt_data_threshold',
 'unconfigure_mdt_data_vxlan',
 'unconfigure_mdt_overlay_use_bgp',
 'unconfigure_mka_keychain_on_interface',
 'unconfigure_mka_macsec',
 'unconfigure_mka_policy',
 'unconfigure_mka_policy_delay_protection',
 'unconfigure_mpls_ldp_graceful_restart',
 'unconfigure_mpls_ldp_nsr',
 'unconfigure_mpls_static_binding',
 'unconfigure_mpls_te_explicit_null',
 'unconfigure_mpls_te_under_ospf',
 'unconfigure_nat64_interface',
 'unconfigure_nat64_prefix_stateful',
 'unconfigure_nat64_translation_timeout',
 'unconfigure_nat64_v4_list_pool',
 'unconfigure_nat64_v4_list_pool_overload',
 'unconfigure_nat64_v4_pool',
 'unconfigure_nat64_v6v4_static',
 'unconfigure_nat64_v6v4_static_protocol_port',
 'unconfigure_nat_in_out',
 'unconfigure_nat_overload_rule',
 'unconfigure_nat_pool',
 'unconfigure_nat_pool_overload_rule',
 'unconfigure_nat_port_route_map_rule',
 'unconfigure_nat_route_map',
 'unconfigure_nat_translation_timeout',
 'unconfigure_nve_interface',
 'unconfigure_ospf',
 'unconfigure_ospf_area_type',
 'unconfigure_ospf_on_device',
 'unconfigure_ospf_router_id',
 'unconfigure_ospf_vrf_on_device',
 'unconfigure_ospfv3',
 'unconfigure_ospfv3_network',
 'unconfigure_pbr_route_map',
 'unconfigure_pki_trustpoint',
 'unconfigure_platform_qos_port_channel_aggregate',
 'unconfigure_platform_sudi_cmca3',
 'unconfigure_policy_map',
 'unconfigure_port_channel_lacp_max_bundle',
 'unconfigure_port_channel_mode',
 'unconfigure_port_channel_standalone_disable',
 'unconfigure_power_inline',
 'unconfigure_pppoe_enable_interface',
 'unconfigure_pseudowire_encapsulation_mpls',
 'unconfigure_ptp_8275_holdover_spec_duration',
 'unconfigure_ptp_8275_local_priority',
 'unconfigure_ptp_domain',
 'unconfigure_ptp_dscp_message',
 'unconfigure_ptp_modes',
 'unconfigure_ptp_role_primary',
 'unconfigure_ptp_transport_ipv4',
 'unconfigure_qos_policy',
 'unconfigure_radius_attribute_6',
 'unconfigure_radius_automate_tester',
 'unconfigure_radius_interface',
 'unconfigure_radius_interface_vrf',
 'unconfigure_radius_server_dead_criteria',
 'unconfigure_radius_server_deadtime',
 'unconfigure_radius_server_group',
 'unconfigure_redistribute_eigrp_under_ospf',
 'unconfigure_rip',
 'unconfigure_ripng',
 'unconfigure_route_map',
 'unconfigure_route_map_under_interface',
 'unconfigure_routing_ip_route_vrf',
 'unconfigure_routing_ipv6_route',
 'unconfigure_routing_ipv6_route_vrf',
 'unconfigure_routing_static_route',
 'unconfigure_routing_static_routev6',
 'unconfigure_sampler',
 'unconfigure_scp_local_auth',
 'unconfigure_service_password_encryption',
 'unconfigure_service_private_config_encryption',
 'unconfigure_service_template',
 'unconfigure_service_timestamps',
 'unconfigure_service_type_mdns_service_definition',
 'unconfigure_sks_client',
 'unconfigure_snmp',
 'unconfigure_snmp_host_version',
 'unconfigure_snmp_server_group',
 'unconfigure_snmp_server_trap',
 'unconfigure_snmp_server_user',
 'unconfigure_snmp_server_view',
 'unconfigure_span_monitor_session',
 'unconfigure_spanning_tree',
 'unconfigure_spanning_tree_mode',
 'unconfigure_spanning_tree_priority',
 'unconfigure_stackwise_virtual_dual_active_interfaces',
 'unconfigure_stackwise_virtual_dual_active_pagp',
 'unconfigure_stackwise_virtual_interfaces',
 'unconfigure_standard_access_list',
 'unconfigure_static_ip_pim_rp_address',
 'unconfigure_static_ipv6_pim_rp_address',
 'unconfigure_static_nat_network_rule',
 'unconfigure_static_nat_outside_rule',
 'unconfigure_static_nat_route_map_rule',
 'unconfigure_static_nat_rule',
 'unconfigure_svi',
 'unconfigure_switch_provision',
 'unconfigure_switchport_nonegotiate',
 'unconfigure_table_map',
 'unconfigure_tacacs_group',
 'unconfigure_tacacs_server',
 'unconfigure_template',
 'unconfigure_template_type_vpls',
 'unconfigure_tftp_source_interface',
 'unconfigure_trustpoint',
 'unconfigure_trustpoint_switch',
 'unconfigure_tunnel_auto_route',
 'unconfigure_tunnel_interface',
 'unconfigure_umbrella_global_parameter_map',
 'unconfigure_umbrella_in_out',
 'unconfigure_umbrella_local_bypass',
 'unconfigure_username',
 'unconfigure_vfi',
 'unconfigure_virtual_template',
 'unconfigure_vlan_configuration',
 'unconfigure_vlan_interface',
 'unconfigure_vlan_vpls',
 'unconfigure_vpdn_group',
 'unconfigure_vrf',
 'unconfigure_vrf_definition_on_device',
 'unconfigure_vrf_definition_stitching',
 'unconfigure_vrf_description',
 'unconfigure_vrf_select_source',
 'unconfigure_vtp_version',
 'unconfigure_wired_radius_attribute',
 'unconfigure_wired_radius_attribute_44',
 'unit_convert',
 'unshut_interface',
 'unshut_interface_adjacent_interfaces',
 'verify_Parser_Encrypt_decrypt_File_Status',
 'verify_Software_Fed_Active_Ipv6_Mld_Snooping_Vlan',
 'verify_Software_Fed_Igmp_Snooping',
 'verify_Software_Fed_Ipv6_Mld_Snooping_Groups',
 'verify_acl_applied',
 'verify_acl_info_summary',
 'verify_acl_log',
 'verify_acl_usage',
 'verify_active_standby',
 'verify_app_requested_state',
 'verify_arp_packets',
 'verify_arp_vrf_interface_mac_entry',
 'verify_assignment_mode',
 'verify_bfd_configuration',
 'verify_bfd_neighbors_details',
 'verify_bfd_neighbors_details_no_output',
 'verify_bfd_neighbors_details_registered_protocols',
 'verify_bfd_neighbors_details_session_state',
 'verify_bgp_address_received',
 'verify_bgp_as_in_as_path',
 'verify_bgp_as_path_prepend',
 'verify_bgp_config_operational_state_neighbors',
 'verify_bgp_config_operational_state_summary',
 'verify_bgp_configuration_and_operation_state',
 'verify_bgp_each_path',
 'verify_bgp_evi_mac_ipprefix',
 'verify_bgp_evi_orig_route',
 'verify_bgp_evi_rt2_mac_localhost',
 'verify_bgp_l2vpn_evpn_rt2_ipprefix',
 'verify_bgp_l2vpn_evpn_rt2_nxthop',
 'verify_bgp_l2vpn_evpn_rt5_ipprefix',
 'verify_bgp_l2vpn_evpn_rt5_nxthop',
 'verify_bgp_last_reset',
 'verify_bgp_mvpn_route_count',
 'verify_bgp_neighbor_exist',
 'verify_bgp_neighbor_route_zero_prefixes',
 'verify_bgp_neighbor_state',
 'verify_bgp_peers_are_present',
 'verify_bgp_rd_table',
 'verify_bgp_route_is_advertised',
 'verify_bgp_route_is_received',
 'verify_bgp_routes_from_neighbors',
 'verify_bgp_routes_have_community',
 'verify_bgp_rt2_label',
 'verify_bgp_rt2_route_target',
 'verify_bgp_rt5_label',
 'verify_bgp_rt5_mvpn_all_ip_mgroup',
 'verify_bgp_rt5_reoriginated_from',
 'verify_bgp_rt5_route_target',
 'verify_bgp_rt7_mvpn_all_ip_mgroup',
 'verify_bgp_soo_on_route',
 'verify_bgp_status_codes_exist',
 'verify_bgp_syslog',
 'verify_bgp_table_uut',
 'verify_bidir_groupip',
 'verify_boot_variable',
 'verify_capabilities_bgp_neighbor',
 'verify_cdp_in_state',
 'verify_cdp_peer_interface',
 'verify_cef_internal_label_stack',
 'verify_cef_labels',
 'verify_cef_outgoing_interface',
 'verify_cef_path_sets_summary',
 'verify_cef_uid_on_active_standby',
 'verify_changes_platform',
 'verify_cli_and_snmp_cpu_memory',
 'verify_cmca3_certificates',
 'verify_config_register',
 'verify_connectivity',
 'verify_controller_ip',
 'verify_controller_name',
 'verify_crypto_entropy_status',
 'verify_crypto_pki_certificate',
 'verify_current_image',
 'verify_device_connection',
 'verify_device_connection_state',
 'verify_device_tracking_counters_interface',
 'verify_device_tracking_counters_vlan',
 'verify_device_tracking_counters_vlan_dropped',
 'verify_device_tracking_counters_vlan_faults',
 'verify_device_tracking_policies',
 'verify_device_tracking_policy_configuration',
 'verify_dhcp_snooping_glean_disabled',
 'verify_dhcp_snooping_glean_enabled',
 'verify_dhcpv4_binding_address',
 'verify_dhcpv4_packet_received',
 'verify_dhcpv6_binding_address',
 'verify_dhcpv6_packet_received',
 'verify_dns_packets',
 'verify_empty_device_tracking_database',
 'verify_empty_device_tracking_policies',
 'verify_enable_password',
 'verify_enough_disk_space',
 'verify_enough_server_disk_space',
 'verify_etherchannel_counter',
 'verify_extended_community_color',
 'verify_file_exists',
 'verify_file_exists_on_server',
 'verify_file_size_stable_on_server',
 'verify_fips_auth_key',
 'verify_flow_cache_record_exists',
 'verify_flow_exporter_records_added_and_sent_are_equal',
 'verify_flow_with_source_and_destination_exists',
 'verify_hardware_active_ESP_changed',
 'verify_hardware_active_RP_changed',
 'verify_hardware_fan_speed_increase',
 'verify_hardware_redundancy_states',
 'verify_hardware_slot',
 'verify_hardware_slot_exist',
 'verify_hardware_slot_removed',
 'verify_hardware_spa_exist',
 'verify_hardware_spa_removed',
 'verify_hw_auth_status',
 'verify_igmp_groups_under_vrf',
 'verify_install_auto_abort_timer_state',
 'verify_install_state',
 'verify_interface_bundled_interfaces_mode',
 'verify_interface_config_carrier_delay',
 'verify_interface_config_duplex',
 'verify_interface_config_no_shutdown',
 'verify_interface_config_ospf_bfd',
 'verify_interface_config_rejected',
 'verify_interface_config_shutdown',
 'verify_interface_config_speed',
 'verify_interface_description_in_running_config',
 'verify_interface_description_in_show_interfaces',
 'verify_interface_errors',
 'verify_interface_ip_route_connected',
 'verify_interface_mtu_packets',
 'verify_interface_no_error_counters',
 'verify_interface_port_channel_in_no_use',
 'verify_interface_port_channel_status_bundled',
 'verify_interface_port_channel_status_changed',
 'verify_interface_port_channel_status_down',
 'verify_interface_port_channel_status_up_and_interfaces_bundled',
 'verify_interface_secondary_addresses',
 'verify_interface_state_admin_down',
 'verify_interface_state_admin_up',
 'verify_interface_state_down',
 'verify_interface_state_up',
 'verify_interface_status',
 'verify_iox_disabled',
 'verify_iox_enabled',
 'verify_ip_and_sid_in_segment_routing',
 'verify_ip_and_sid_in_segment_routing_mapping_server',
 'verify_ip_bgp_route',
 'verify_ip_cef_nexthop_label',
 'verify_ip_mac_binding_count',
 'verify_ip_mac_binding_in_network',
 'verify_ip_mac_binding_not_in_network',
 'verify_ip_mfib_hw_pkt_per_sec',
 'verify_ip_mroute_group_and_sourceip',
 'verify_ip_mroute_mgroup_rpf_state',
 'verify_ip_pim_neighbor',
 'verify_ip_pim_vrf_neighbor',
 'verify_ip_precedence_ip_precedence',
 'verify_ipv6_acl_tcam_utilization',
 'verify_ipv6_dhcp_pool',
 'verify_ipv6_intf_autocfg_address',
 'verify_ipv6_intf_ip_address',
 'verify_ipv6_linklocal_address',
 'verify_ipv6_nd_raguard_configuration',
 'verify_ipv6_nd_raguard_policy',
 'verify_ipv6_ospf_neighbor_address_in_state',
 'verify_ipv6_ospf_neighbor_addresses_are_not_listed',
 'verify_ipv6_pim_neighbor',
 'verify_ipv6_source_guard_configuration',
 'verify_ipv6_source_guard_policy',
 'verify_keywords_in_output',
 'verify_l2route_mac_route_flag',
 'verify_l2vpn_storm_control_configuration',
 'verify_linklocal_from_mac_address',
 'verify_lldp_in_state',
 'verify_login_credentials_enable_password',
 'verify_login_with_credentials',
 'verify_mac_from_address_family',
 'verify_macsec_session',
 'verify_matm_mactable',
 'verify_mfib_vrf_hardware_rate',
 'verify_mfib_vrf_summary',
 'verify_missing_device_tracking_policy_configuration',
 'verify_missing_ipv6_nd_raguard_configuration',
 'verify_missing_ipv6_source_guard_configuration',
 'verify_mka_session',
 'verify_module_status',
 'verify_mpls_binding_label',
 'verify_mpls_experimental_bits',
 'verify_mpls_forwarding_table_gid_counter',
 'verify_mpls_forwarding_table_has_prefix_in_subnet_range',
 'verify_mpls_forwarding_table_local_label_for_subnet',
 'verify_mpls_forwarding_table_outgoing_label',
 'verify_mpls_forwarding_table_vrf_mdt',
 'verify_mpls_mldp_count',
 'verify_mpls_mldp_neighbor',
 'verify_mpls_mldp_root',
 'verify_mpls_mroute_groupip',
 'verify_mpls_ping',
 'verify_mpls_rlist_summary_before_and_after_sso',
 'verify_next_hop',
 'verify_next_hops',
 'verify_no_interface_ip_route_connected',
 'verify_no_mpls_header',
 'verify_ntp_association_with_server',
 'verify_ntp_leap_second',
 'verify_ntp_time',
 'verify_ntp_time_changed',
 'verify_num_routes_equal_before_and_after_clear',
 'verify_nve_evni_peer_ip_state',
 'verify_object_manager_error_objects_statistics',
 'verify_opaque_type_7_prefix_and_flags',
 'verify_operation_state',
 'verify_ospf_database_contains_sid_neighbor_address_pairs',
 'verify_ospf_database_flag',
 'verify_ospf_icmp_ping',
 'verify_ospf_in_state',
 'verify_ospf_max_metric_configuration',
 'verify_ospf_neighbor_address_in_state',
 'verify_ospf_neighbor_addresses_are_not_listed',
 'verify_ospf_neighbor_state',
 'verify_ospf_segment_routing_gb_srgb_base_and_range',
 'verify_ospf_segment_routing_lb_srlb_base_and_range',
 'verify_ospf_sid_database_prefixes_advertised',
 'verify_ospf_sr_label_preference',
 'verify_ospf_tilfa_in_state_in_ospf',
 'verify_pattern_in_output',
 'verify_pattern_in_show_logging',
 'verify_pcap_as_path',
 'verify_pcap_capability',
 'verify_pcap_dscp_bits',
 'verify_pcap_has_imcp_destination_unreachable',
 'verify_pcap_has_imcpv6_destination_unreachable',
 'verify_pcap_ldp_packet',
 'verify_pcap_mpls_packet',
 'verify_pcap_packet',
 'verify_pcap_packet_destination_port',
 'verify_pcap_packet_protocol',
 'verify_pcap_packet_source_port',
 'verify_pcap_packet_type',
 'verify_ping',
 'verify_ping_from_server',
 'verify_pki_trustpoint_state',
 'verify_platform_details',
 'verify_platform_model_number',
 'verify_policy_map_packet_count_match',
 'verify_policy_map_packets_counting_up',
 'verify_policy_map_policy_map_configuration',
 'verify_policy_map_policy_map_configuration_policy_map_with_operational',
 'verify_policy_map_policy_map_configurational_operational_policy_map',
 'verify_policy_map_row_added',
 'verify_policy_map_values',
 'verify_port_channel_member_state',
 'verify_ptp_8275_holdover_spec_duration',
 'verify_ptp_8275_local_clock_port_priority',
 'verify_ptp_8275_local_clock_priority',
 'verify_ptp_calibration_states',
 'verify_ptp_clock',
 'verify_ptp_counters',
 'verify_ptp_parent',
 'verify_ptp_platform_fed_results',
 'verify_ptp_profile',
 'verify_ptp_states',
 'verify_rib_fib_lfib_consistency',
 'verify_rollback_description',
 'verify_rollback_label',
 'verify_route_known_via',
 'verify_route_map',
 'verify_route_vrf_nexthop_with_source_protocol',
 'verify_routing_ip_bgp_neighbors_routes_exists',
 'verify_routing_ip_routes',
 'verify_routing_local_and_connected_route',
 'verify_routing_neighbors_advertised_routes_exists',
 'verify_routing_route_attrs',
 'verify_routing_route_ip_on_interface',
 'verify_routing_static_routes',
 'verify_routing_subnet_entry',
 'verify_segment_routing_dynamic_metric_type',
 'verify_segment_routing_gb_range',
 'verify_segment_routing_lb_range',
 'verify_segment_routing_policy_attributes',
 'verify_segment_routing_policy_hops',
 'verify_segment_routing_policy_state',
 'verify_segment_routing_traffic_eng_policies',
 'verify_session_state_bgp_neighbor',
 'verify_show_run_aaa',
 'verify_sid_in_ospf',
 'verify_sid_in_ospf_pairs',
 'verify_sid_in_segment_routing',
 'verify_sid_is_advertised_in_ospf',
 'verify_smallest_stratum_ntp_system_peer',
 'verify_software_fed_ip_igmp_snooping_groups',
 'verify_source_protocol',
 'verify_source_protocols',
 'verify_state',
 'verify_static_arp',
 'verify_static_routing_route_attrs',
 'verify_status_of_segment_routing',
 'verify_sudi_cert',
 'verify_sudi_pki',
 'verify_syslog_bgp_peer_down',
 'verify_syslog_bgp_peer_up',
 'verify_syslog_interface_link_down',
 'verify_syslog_interface_link_up',
 'verify_syslog_interface_shut',
 'verify_syslog_interface_up',
 'verify_syslog_ospf_neighbor_down',
 'verify_syslog_ospf_neighbor_up',
 'verify_tacacs_packet',
 'verify_template_bind',
 'verify_test_aaa_cmd',
 'verify_total_cdp_entries_displayed_interfaces',
 'verify_traceroute',
 'verify_traceroute_first_hop_address',
 'verify_traffic_flow_on_svl_interfaces',
 'verify_tunnel_linklocal_based_on_ipv4_addr',
 'verify_tunnel_stats',
 'verify_tunnel_status',
 'verify_tunnels_state',
 'verify_tx_power',
 'verify_unused_channel',
 'verify_vc_destination_sect',
 'verify_vc_state',
 'verify_vpls_same_interface_for_l2vpn_and_l3vpn',
 'verify_vpn_route_targets',
 'verify_vrf_advertised_routes',
 'verify_vrf_description_in_running_config',
 'verify_vrf_description_in_show_ip_vrf_detail',
 'verify_vrf_received_routes',
 'verify_vrf_routes_in_bgp_table',
 'verify_wireless_management_trustpoint_name',
 'web_interaction',
 'write_erase_reload_device',
 'write_erase_reload_device_without_reconfig']
