
===
show version
===
Cisco IOS XE Software, Version 17.03.04a
Cisco IOS Software [Amsterdam], Virtual XE Software (X86_64_LINUX_IOSD-UNIVERSALK9-M), Version 17.3.4a, RELEASE SOFTWARE (fc3)
Technical Support: http://www.cisco.com/techsupport
Copyright (c) 1986-2021 by Cisco Systems, Inc.
Compiled Tue 20-Jul-21 04:59 by mcpre


Cisco IOS-XE software, Copyright (c) 2005-2021 by cisco Systems, Inc.
All rights reserved.  Certain components of Cisco IOS-XE software are
licensed under the GNU General Public License ("GPL") Version 2.0.  The
software code licensed under GPL Version 2.0 is free software that comes
with ABSOLUTELY NO WARRANTY.  You can redistribute and/or modify such
GPL code under the terms of GPL Version 2.0.  For more details, see the
documentation or "License Notice" file accompanying the IOS-XE software,
or the applicable URL provided on the flyer accompanying the IOS-XE
software.


ROM: IOS-XE ROMMON

r4 uptime is 1 week, 1 day, 8 hours, 46 minutes
Uptime for this control processor is 1 week, 1 day, 8 hours, 48 minutes
System returned to ROM by reload
System image file is "bootflash:packages.conf"
Last reload reason: Unknown reason



This product contains cryptographic features and is subject to United
States and local country laws governing import, export, transfer and
use. Delivery of Cisco cryptographic products does not imply
third-party authority to import, export, distribute or use encryption.
Importers, exporters, distributors and users are responsible for
compliance with U.S. and local country laws. By using this product you
agree to comply with applicable laws and regulations. If you are unable
to comply with U.S. and local laws, return this product immediately.

A summary of U.S. laws governing Cisco cryptographic products may be found at:
http://www.cisco.com/wwl/export/crypto/tool/stqrg.html

If you require further assistance please contact us by sending email to
export@cisco.com.

License Level: ax
License Type: N/A(Smart License Enabled)
Next reload license Level: ax

The current throughput level is 1000 kbps 


Smart Licensing Status: UNREGISTERED/No Licenses in Use

cisco CSR1000V (VXE) processor (revision VXE) with 1105173K/3075K bytes of memory.
Processor board ID 9ZR99QCFUPI
Router operating mode: Autonomous
4 Gigabit Ethernet interfaces
32768K bytes of non-volatile configuration memory.
3012228K bytes of physical memory.
6188032K bytes of virtual hard disk at bootflash:.

Configuration register is 0x2102


===
show cdp neighbors
===
Capability Codes: R - Router, T - Trans Bridge, B - Source Route Bridge
                  S - Switch, H - Host, I - IGMP, r - Repeater, P - Phone, 
                  D - Remote, C - CVTA, M - Two-port Mac Relay 

Device ID        Local Intrfce     Holdtme    Capability  Platform  Port ID
r2               Gig 2             173              R I   CSR1000V  Gig 2
r3               Gig 1             147              R I   CSR1000V  Gig 1

Total cdp entries displayed : 2


===
show ip ospf neighbor
===

Neighbor ID     Pri   State           Dead Time   Address         Interface
192.168.255.3     0   FULL/  -        00:00:35    192.168.34.3    GigabitEthernet1
192.168.255.2     0   FULL/  -        00:00:32    192.168.24.2    GigabitEthernet2


===
show ip route
===
Codes: L - local, C - connected, S - static, R - RIP, M - mobile, B - BGP
       D - EIGRP, EX - EIGRP external, O - OSPF, IA - OSPF inter area 
       N1 - OSPF NSSA external type 1, N2 - OSPF NSSA external type 2
       E1 - OSPF external type 1, E2 - OSPF external type 2, m - OMP
       n - NAT, Ni - NAT inside, No - NAT outside, Nd - NAT DIA
       i - IS-IS, su - IS-IS summary, L1 - IS-IS level-1, L2 - IS-IS level-2
       ia - IS-IS inter area, * - candidate default, U - per-user static route
       H - NHRP, G - NHRP registered, g - NHRP registration summary
       o - ODR, P - periodic downloaded static route, l - LISP
       a - application route
       + - replicated route, % - next hop override, p - overrides from PfR
       & - replicated local route overrides by connected

Gateway of last resort is not set

O     192.168.12.0/24 [110/200] via 192.168.24.2, 1w1d, GigabitEthernet2
O     192.168.13.0/24 [110/200] via 192.168.34.3, 1w1d, GigabitEthernet1
      192.168.24.0/24 is variably subnetted, 2 subnets, 2 masks
C        192.168.24.0/24 is directly connected, GigabitEthernet2
L        192.168.24.4/32 is directly connected, GigabitEthernet2
      192.168.34.0/24 is variably subnetted, 2 subnets, 2 masks
C        192.168.34.0/24 is directly connected, GigabitEthernet1
L        192.168.34.4/32 is directly connected, GigabitEthernet1
      192.168.255.0/32 is subnetted, 4 subnets
O        192.168.255.1 [110/201] via 192.168.34.3, 6d13h, GigabitEthernet1
                       [110/201] via 192.168.24.2, 6d13h, GigabitEthernet2
O        192.168.255.2 [110/101] via 192.168.24.2, 1w1d, GigabitEthernet2
O        192.168.255.3 [110/101] via 192.168.34.3, 1w1d, GigabitEthernet1
C        192.168.255.4 is directly connected, Loopback0

